<?xml version="1.0" encoding="UTF-8"?>
<!-- Generated by org.testng.reporters.JUnitXMLReporter -->
<testsuite ignored="2" hostname="users-MacBook-Pro.local" failures="0" tests="0" time="0.001" errors="0" timestamp="2024-07-21T18:07:51 WAT">
  <testcase classname="org.dandytech.E_Commerce_tc_1" name="FillForm_ErrorValidation" time="0.0">
    <ignored/>
  </testcase> <!-- FillForm_ErrorValidation -->
  <testcase classname="org.dandytech.E_Commerce_tc_1" name="FillForm_PositiveFlow" time="0.0">
    <ignored/>
  </testcase> <!-- FillForm_PositiveFlow -->
</testsuite>
