<?xml version="1.0" encoding="UTF-8"?>
<!-- Generated by org.testng.reporters.JUnitXMLReporter -->
<testsuite ignored="0" hostname="users-MacBook-Pro.local" failures="0" tests="2" name="Error Validation Test" time="50.917" errors="0" timestamp="2024-07-22T09:36:34 WAT">
  <testcase classname="org.dandytech.E_Commerce_tc_1" name="FillForm_ErrorValidation" time="15.472"/>
  <testcase classname="org.dandytech.E_Commerce_tc_1" name="FillForm_PositiveFlow" time="15.392"/>
</testsuite> <!-- Error Validation Test -->
