<?xml version="1.0" encoding="UTF-8"?>
<testsuite xmlns:xsi="http://www.w3.org/2001/XMLSchema-instance" xsi:noNamespaceSchemaLocation="https://maven.apache.org/surefire/maven-surefire-plugin/xsd/surefire-test-report.xsd" version="3.0.2" name="TestSuite" time="166.908" tests="4" errors="0" skipped="0" failures="1">
  <properties>
[...]
</properties>
  <testcase name="FillForm[{gender=male, name=Daniel Amaechi, country=Aruba}](1)" classname="org.dandytech.E_Commerce_tc_4_Hybrid" time="34.819">
    <failure message="no such element: Unable to locate element: {&quot;method&quot;:&quot;css selector&quot;,&quot;selector&quot;:&quot;*[name=&apos;q&apos;]&quot;}&#10;  (Session info: chrome=101.0.4951.74)&#10;For documentation on this error, please visit: https://www.selenium.dev/documentation/webdriver/troubleshooting/errors#no-such-element-exception&#10;Build info: version: &apos;4.23.0&apos;, revision: &apos;4df0a231af&apos;&#10;System info: os.name: &apos;Mac OS X&apos;, os.arch: &apos;x86_64&apos;, os.version: &apos;12.7.5&apos;, java.version: &apos;19.0.1&apos;&#10;Driver info: io.appium.java_client.android.AndroidDriver&#10;Command: [dfe5339f-c9cb-463f-846e-bada59d9e7b7, findElement {using=css selector, value=*[name=&apos;q&apos;]}]&#10;Capabilities {appium:app: /Users/user/eclipse-workspa..., appium:appPackage: com.androidsample.generalstore, appium:automationName: UIAutomator2, appium:chromedriverExecutable: /Users/user/eclipse-workspa..., appium:databaseEnabled: false, appium:desired: {app: /Users/user/eclipse-workspa..., automationName: UIAutomator2, chromedriverExecutable: /Users/user/eclipse-workspa..., deviceName: Nexus 6P API 33, platformName: ANDROID}, appium:deviceApiLevel: 33, appium:deviceManufacturer: Google, appium:deviceModel: sdk_gphone64_x86_64, appium:deviceName: emulator-5554, appium:deviceScreenDensity: 560, appium:deviceScreenSize: 1440x2560, appium:deviceUDID: emulator-5554, appium:javascriptEnabled: true, appium:locationContextEnabled: false, appium:networkConnectionEnabled: true, appium:pixelRatio: 3.5, appium:platformVersion: 13, appium:statBarHeight: 84, appium:takesScreenshot: true, appium:viewportRect: {height: 2476, left: 0, top: 84, width: 1440}, appium:warnings: {}, appium:webStorageEnabled: false, platformName: ANDROID}&#10;Session ID: dfe5339f-c9cb-463f-846e-bada59d9e7b7" type="org.openqa.selenium.NoSuchElementException"><![CDATA[org.openqa.selenium.NoSuchElementException: 
no such element: Unable to locate element: {"method":"css selector","selector":"*[name='q']"}
  (Session info: chrome=101.0.4951.74)
For documentation on this error, please visit: https://www.selenium.dev/documentation/webdriver/troubleshooting/errors#no-such-element-exception
Build info: version: '4.23.0', revision: '4df0a231af'
System info: os.name: 'Mac OS X', os.arch: 'x86_64', os.version: '12.7.5', java.version: '19.0.1'
Driver info: io.appium.java_client.android.AndroidDriver
Command: [dfe5339f-c9cb-463f-846e-bada59d9e7b7, findElement {using=css selector, value=*[name='q']}]
Capabilities {appium:app: /Users/user/eclipse-workspa..., appium:appPackage: com.androidsample.generalstore, appium:automationName: UIAutomator2, appium:chromedriverExecutable: /Users/user/eclipse-workspa..., appium:databaseEnabled: false, appium:desired: {app: /Users/user/eclipse-workspa..., automationName: UIAutomator2, chromedriverExecutable: /Users/user/eclipse-workspa..., deviceName: Nexus 6P API 33, platformName: ANDROID}, appium:deviceApiLevel: 33, appium:deviceManufacturer: Google, appium:deviceModel: sdk_gphone64_x86_64, appium:deviceName: emulator-5554, appium:deviceScreenDensity: 560, appium:deviceScreenSize: 1440x2560, appium:deviceUDID: emulator-5554, appium:javascriptEnabled: true, appium:locationContextEnabled: false, appium:networkConnectionEnabled: true, appium:pixelRatio: 3.5, appium:platformVersion: 13, appium:statBarHeight: 84, appium:takesScreenshot: true, appium:viewportRect: {height: 2476, left: 0, top: 84, width: 1440}, appium:warnings: {}, appium:webStorageEnabled: false, platformName: ANDROID}
Session ID: dfe5339f-c9cb-463f-846e-bada59d9e7b7
	at java.base/jdk.internal.reflect.DirectConstructorHandleAccessor.newInstance(DirectConstructorHandleAccessor.java:67)
	at java.base/java.lang.reflect.Constructor.newInstanceWithCaller(Constructor.java:500)
	at java.base/java.lang.reflect.Constructor.newInstance(Constructor.java:484)
	at org.openqa.selenium.remote.ErrorCodec.decode(ErrorCodec.java:167)
	at org.openqa.selenium.remote.codec.w3c.W3CHttpResponseCodec.decode(W3CHttpResponseCodec.java:138)
	at org.openqa.selenium.remote.codec.w3c.W3CHttpResponseCodec.decode(W3CHttpResponseCodec.java:50)
	at org.openqa.selenium.remote.HttpCommandExecutor.execute(HttpCommandExecutor.java:190)
	at io.appium.java_client.remote.AppiumCommandExecutor.execute(AppiumCommandExecutor.java:237)
	at org.openqa.selenium.remote.RemoteWebDriver.execute(RemoteWebDriver.java:527)
	at org.openqa.selenium.remote.ElementLocation$ElementFinder$2.findElement(ElementLocation.java:165)
	at org.openqa.selenium.remote.ElementLocation.findElement(ElementLocation.java:59)
	at org.openqa.selenium.remote.RemoteWebDriver.findElement(RemoteWebDriver.java:357)
	at org.openqa.selenium.remote.RemoteWebDriver.findElement(RemoteWebDriver.java:351)
	at org.openqa.selenium.By$PreW3CLocator.findElement(By.java:430)
	at org.openqa.selenium.By$ByName.findElement(By.java:237)
	at org.openqa.selenium.remote.ElementLocation$ElementFinder$1.findElement(ElementLocation.java:139)
	at org.openqa.selenium.remote.ElementLocation.findElement(ElementLocation.java:81)
	at org.openqa.selenium.remote.RemoteWebDriver.findElement(RemoteWebDriver.java:357)
	at org.openqa.selenium.remote.RemoteWebDriver.findElement(RemoteWebDriver.java:351)
	at org.dandytech.E_Commerce_tc_4_Hybrid.FillForm(E_Commerce_tc_4_Hybrid.java:52)
	at java.base/jdk.internal.reflect.DirectMethodHandleAccessor.invoke(DirectMethodHandleAccessor.java:104)
	at java.base/java.lang.reflect.Method.invoke(Method.java:578)
	at org.testng.internal.invokers.MethodInvocationHelper.invokeMethod(MethodInvocationHelper.java:141)
	at org.testng.internal.invokers.TestInvoker.invokeMethod(TestInvoker.java:686)
	at org.testng.internal.invokers.TestInvoker.invokeTestMethod(TestInvoker.java:230)
	at org.testng.internal.invokers.MethodRunner.runInSequence(MethodRunner.java:63)
	at org.testng.internal.invokers.TestInvoker$MethodInvocationAgent.invoke(TestInvoker.java:992)
	at org.testng.internal.invokers.TestInvoker.invokeTestMethods(TestInvoker.java:203)
	at org.testng.internal.invokers.TestMethodWorker.invokeTestMethods(TestMethodWorker.java:154)
	at org.testng.internal.invokers.TestMethodWorker.run(TestMethodWorker.java:134)
	at java.base/java.util.ArrayList.forEach(ArrayList.java:1511)
	at org.testng.TestRunner.privateRun(TestRunner.java:739)
	at org.testng.TestRunner.run(TestRunner.java:614)
	at org.testng.SuiteRunner.runTest(SuiteRunner.java:421)
	at org.testng.SuiteRunner.runSequentially(SuiteRunner.java:413)
	at org.testng.SuiteRunner.privateRun(SuiteRunner.java:373)
	at org.testng.SuiteRunner.run(SuiteRunner.java:312)
	at org.testng.SuiteRunnerWorker.runSuite(SuiteRunnerWorker.java:52)
	at org.testng.SuiteRunnerWorker.run(SuiteRunnerWorker.java:95)
	at org.testng.TestNG.runSuitesSequentially(TestNG.java:1274)
	at org.testng.TestNG.runSuitesLocally(TestNG.java:1208)
	at org.testng.TestNG.runSuites(TestNG.java:1112)
	at org.testng.TestNG.run(TestNG.java:1079)
	at org.apache.maven.surefire.testng.TestNGExecutor.run(TestNGExecutor.java:308)
	at org.apache.maven.surefire.testng.TestNGXmlTestSuite.execute(TestNGXmlTestSuite.java:71)
	at org.apache.maven.surefire.testng.TestNGProvider.invoke(TestNGProvider.java:113)
	at org.apache.maven.surefire.booter.ForkedBooter.runSuitesInProcess(ForkedBooter.java:385)
	at org.apache.maven.surefire.booter.ForkedBooter.execute(ForkedBooter.java:162)
	at org.apache.maven.surefire.booter.ForkedBooter.run(ForkedBooter.java:507)
	at org.apache.maven.surefire.booter.ForkedBooter.main(ForkedBooter.java:495)
]]></failure>
    <system-out><![CDATA[WARN Appium Appium encountered 2 warnings while validating drivers found in manifest /Users/user/.appium/node_modules/.cache/appium/extensions.yaml
WARN Appium Driver "uiautomator2" has 1 potential problem: 
WARN Appium   - Driver "uiautomator2" (package `appium-uiautomator2-driver`) may be incompatible with the current version of Appium (v2.0.1) due to its peer dependency on older Appium v^2.4.1. Please upgrade `appium-uiautomator2-driver` to v3.7.3 or newer.
WARN Appium Driver "xcuitest" has 1 potential problem: 
WARN Appium   - Driver "xcuitest" (package `appium-xcuitest-driver`) may be incompatible with the current version of Appium (v2.0.1) due to its peer dependency on older Appium v^2.5.4. Please upgrade `appium-xcuitest-driver` to v7.24.1 or newer.
&amp#27;[35m[Appium]&amp#27;[39m Welcome to Appium v2.0.1
&amp#27;[35m[Appium]&amp#27;[39m Attempting to load driver uiautomator2...
[debug] &amp#27;[35m[Appium]&amp#27;[39m Requiring driver at /Users/user/.appium/node_modules/appium-uiautomator2-driver
[Appium] Attempting to load driver xcuitest...
[debug] [Appium] Requiring driver at /Users/user/.appium/node_modules/appium-xcuitest-driver
[Appium] Appium REST http interface listener started on http://0.0.0.0:4723
[Appium] You can provide the following URLS in your client code to connect to this server:
[Appium] 	http://127.0.0.1:4723/ (only accessible from the same host)
[Appium] 	http://192.168.0.10:4723/
[Appium] 	http://192.168.2.1:4723/
[Appium] Available drivers:
[Appium]   - uiautomator2@3.7.1 (automationName 'UiAutomator2')
[Appium]   - xcuitest@7.23.0 (automationName 'XCUITest')
[Appium] No plugins have been installed. Use the "appium plugin" command to install the one(s) you want to use.
&amp#27;[38;5;0m[HTTP]&amp#27;[0m &amp#27;[37m-->&amp#27;[39m &amp#27;[37mGET&amp#27;[39m &amp#27;[37m/status&amp#27;[39m {}
[debug] &amp#27;[38;5;16m[AppiumDriver@d28a]&amp#27;[0m Calling AppiumDriver.getStatus() with args: []
[debug] &amp#27;[38;5;16m[AppiumDriver@d28a]&amp#27;[0m Responding to client with driver.getStatus() result: {"build":{"version":"2.0.1"}}
&amp#27;[38;5;0m[HTTP]&amp#27;[0m <-- GET /status 200 6 ms - 39 
[debug] &amp#27;[38;5;0m[HTTP]&amp#27;[0m Request idempotency key: b752420e-fe23-4724-a1cc-e65c9b62cd0c
&amp#27;[38;5;0m[HTTP]&amp#27;[0m &amp#27;[37m-->&amp#27;[39m &amp#27;[37mPOST&amp#27;[39m &amp#27;[37m/session&amp#27;[39m {"capabilities":{"firstMatch":[{"appium:chromedriverExecutable":"/Users/user/eclipse-workspace/AppiumFrameworkDesign//src//test//java//org//dandytech//testApps//chromedriver","appium:deviceName":"Nexus 6P API 33","platformName":"ANDROID","appium:automationName":"UIAutomator2","appium:app":"/Users/user/eclipse-workspace/AppiumFrameworkDesign//src//test//java//org//dandytech//testApps//General-Store.apk"}]}}
[debug] &amp#27;[38;5;16m[AppiumDriver@d28a]&amp#27;[0m Calling AppiumDriver.createSession() with args: [null,null,{"firstMatch":[{"appium:chromedriverExecutable":"/Users/user/eclipse-workspace/AppiumFrameworkDesign//src//test//java//org//dandytech//testApps//chromedriver","appium:deviceName":"Nexus 6P API 33","platformName":"ANDROID","appium:automationName":"UIAutomator2","appium:app":"/Users/user/eclipse-workspace/AppiumFrameworkDesign//src//test//java//org//dandytech//testApps//General-Store.apk"}]}]
[debug] &amp#27;[38;5;16m[AppiumDriver@d28a]&amp#27;[0m Event 'newSessionRequested' logged at 1721637295646 (09:34:55 GMT+0100 (West Africa Standard Time))
[Appium] Attempting to find matching driver for automationName 'UIAutomator2' and platformName 'ANDROID'
[Appium] The 'uiautomator2' driver was installed and matched caps.
[Appium] Will require it at /Users/user/.appium/node_modules/appium-uiautomator2-driver
[debug] [Appium] Requiring driver at /Users/user/.appium/node_modules/appium-uiautomator2-driver
&amp#27;[38;5;16m[AppiumDriver@d28a]&amp#27;[0m Appium v2.0.1 creating new AndroidUiautomator2Driver (v3.7.1) session
&amp#27;[38;5;16m[AppiumDriver@d28a]&amp#27;[0m Checking BaseDriver versions for Appium and AndroidUiautomator2Driver
&amp#27;[38;5;16m[AppiumDriver@d28a]&amp#27;[0m Appium's BaseDriver version is 9.10.3
&amp#27;[38;5;16m[AppiumDriver@d28a]&amp#27;[0m AndroidUiautomator2Driver's BaseDriver version is 9.10.3
[debug] &amp#27;[38;5;32m[AndroidUiautomator2Driver@756b]&amp#27;[0m 
[debug] &amp#27;[38;5;32m[AndroidUiautomator2Driver@756b]&amp#27;[0m Creating session with W3C capabilities: {
  "alwaysMatch": {
    "platformName": "ANDROID",
    "appium:chromedriverExecutable": "/Users/user/eclipse-workspace/AppiumFrameworkDesign//src//test//java//org//dandytech//testApps//chromedriver",
    "appium:deviceName": "Nexus 6P API 33",
    "appium:automationName": "UIAutomator2",
    "appium:app": "/Users/user/eclipse-workspace/AppiumFrameworkDesign//src//test//java//org//dandytech//testApps//General-Store.apk"
  },
  "firstMatch": [
    {}
  ]
}
&amp#27;[38;5;32m[AndroidUiautomator2Driver@756b]&amp#27;[0m Session created with session id: dfe5339f-c9cb-463f-846e-bada59d9e7b7
&amp#27;[38;5;48m[ADB]&amp#27;[0m Found 2 'build-tools' folders under '/Users/user/Library/Android/sdk' (newest first):
&amp#27;[38;5;48m[ADB]&amp#27;[0m     /Users/user/Library/Android/sdk/build-tools/33.0.0
&amp#27;[38;5;48m[ADB]&amp#27;[0m     /Users/user/Library/Android/sdk/build-tools/30.0.3
&amp#27;[38;5;48m[ADB]&amp#27;[0m Using 'adb' from '/Users/user/Library/Android/sdk/platform-tools/adb'
[debug] &amp#27;[38;5;48m[ADB]&amp#27;[0m Running '/Users/user/Library/Android/sdk/platform-tools/adb -P 5037 start-server'
&amp#27;[38;5;32m[AndroidUiautomator2Driver@756b]&amp#27;[0m Retrieving device list
[debug] &amp#27;[38;5;48m[ADB]&amp#27;[0m Trying to find connected Android devices
[debug] &amp#27;[38;5;48m[ADB]&amp#27;[0m Getting connected devices
[debug] &amp#27;[38;5;48m[ADB]&amp#27;[0m Connected devices: [{"udid":"emulator-5554","state":"device"}]
&amp#27;[38;5;32m[AndroidUiautomator2Driver@756b]&amp#27;[0m Using device: emulator-5554
&amp#27;[38;5;48m[ADB]&amp#27;[0m Using 'adb' from '/Users/user/Library/Android/sdk/platform-tools/adb'
[debug] &amp#27;[38;5;48m[ADB]&amp#27;[0m Running '/Users/user/Library/Android/sdk/platform-tools/adb -P 5037 start-server'
[debug] &amp#27;[38;5;48m[ADB]&amp#27;[0m Setting device id to emulator-5554
&amp#27;[38;5;64m[BaseDriver]&amp#27;[0m Using local app '/Users/user/eclipse-workspace/AppiumFrameworkDesign//src//test//java//org//dandytech//testApps//General-Store.apk'
[debug] &amp#27;[38;5;32m[AndroidUiautomator2Driver@756b]&amp#27;[0m Checking whether app is actually present
[debug] &amp#27;[38;5;48m[ADB]&amp#27;[0m Running '/Users/user/Library/Android/sdk/platform-tools/adb -P 5037 -s emulator-5554 shell getprop ro.build.version.sdk'
[debug] &amp#27;[38;5;48m[ADB]&amp#27;[0m Current device property 'ro.build.version.sdk': 33
&amp#27;[38;5;48m[ADB]&amp#27;[0m Getting device platform version
[debug] &amp#27;[38;5;48m[ADB]&amp#27;[0m Running '/Users/user/Library/Android/sdk/platform-tools/adb -P 5037 -s emulator-5554 shell getprop ro.build.version.release'
[debug] &amp#27;[38;5;48m[ADB]&amp#27;[0m Current device property 'ro.build.version.release': 13
[debug] &amp#27;[38;5;48m[ADB]&amp#27;[0m Device API level: 33
&amp#27;[38;5;32m[AndroidUiautomator2Driver@756b]&amp#27;[0m Relaxing hidden api policy
[debug] &amp#27;[38;5;48m[ADB]&amp#27;[0m Running '/Users/user/Library/Android/sdk/platform-tools/adb -P 5037 -s emulator-5554 shell 'settings put global hidden_api_policy_pre_p_apps 1;settings put global hidden_api_policy_p_apps 1;settings put global hidden_api_policy 1''
[debug] &amp#27;[38;5;32m[AndroidUiautomator2Driver@756b]&amp#27;[0m Parsing package and activity from app manifest
[debug] &amp#27;[38;5;48m[ADB]&amp#27;[0m Running '/Users/user/Library/Android/sdk/platform-tools/adb -P 5037 -s emulator-5554 wait-for-device'
&amp#27;[38;5;48m[ADB]&amp#27;[0m Package name: 'com.androidsample.generalstore'
&amp#27;[38;5;48m[ADB]&amp#27;[0m Main activity name: 'com.androidsample.generalstore.SplashActivity'
[debug] &amp#27;[38;5;32m[AndroidUiautomator2Driver@756b]&amp#27;[0m Parsed package and activity are: com.androidsample.generalstore/com.androidsample.generalstore.SplashActivity
[debug] &amp#27;[38;5;48m[ADB]&amp#27;[0m Running '/Users/user/Library/Android/sdk/platform-tools/adb -P 5037 -s emulator-5554 shell echo ping'
[debug] &amp#27;[38;5;32m[AndroidUiautomator2Driver@756b]&amp#27;[0m Pushing settings apk to the device...
[debug] &amp#27;[38;5;48m[ADB]&amp#27;[0m Getting package info for 'io.appium.settings'
[debug] &amp#27;[38;5;48m[ADB]&amp#27;[0m Running '/Users/user/Library/Android/sdk/platform-tools/adb -P 5037 -s emulator-5554 shell dumpsys package io.appium.settings'
[debug] &amp#27;[38;5;48m[ADB]&amp#27;[0m The version name of the installed 'io.appium.settings' is greater or equal to the application version name ('5.12.4' >= '5.12.4')
[debug] &amp#27;[38;5;48m[ADB]&amp#27;[0m There is no need to install/upgrade '/Users/user/.appium/node_modules/appium-uiautomator2-driver/node_modules/io.appium.settings/apks/settings_apk-debug.apk'
[debug] &amp#27;[38;5;48m[ADB]&amp#27;[0m Running '/Users/user/Library/Android/sdk/platform-tools/adb -P 5037 -s emulator-5554 shell dumpsys activity services io.appium.settings'
[debug] &amp#27;[38;5;32m[AndroidUiautomator2Driver@756b]&amp#27;[0m io.appium.settings is already running. There is no need to reset its permissions.
[debug] &amp#27;[38;5;80m[Logcat]&amp#27;[0m Starting logs capture with command: /Users/user/Library/Android/sdk/platform-tools/adb -P 5037 -s emulator-5554 logcat -v threadtime
[debug] &amp#27;[38;5;32m[AndroidUiautomator2Driver@756b]&amp#27;[0m Forwarding UiAutomator2 Server port 6790 to local port 8200
[debug] &amp#27;[38;5;48m[ADB]&amp#27;[0m Forwarding system: 8200 to device: 6790
[debug] &amp#27;[38;5;48m[ADB]&amp#27;[0m Running '/Users/user/Library/Android/sdk/platform-tools/adb -P 5037 -s emulator-5554 forward tcp:8200 tcp:6790'
[debug] &amp#27;[38;5;48m[ADB]&amp#27;[0m Getting package info for 'io.appium.uiautomator2.server'
[debug] &amp#27;[38;5;48m[ADB]&amp#27;[0m Running '/Users/user/Library/Android/sdk/platform-tools/adb -P 5037 -s emulator-5554 shell dumpsys package io.appium.uiautomator2.server'
[debug] &amp#27;[38;5;48m[ADB]&amp#27;[0m Getting install status for io.appium.uiautomator2.server.test
[debug] &amp#27;[38;5;48m[ADB]&amp#27;[0m Checking app cert for /Users/user/eclipse-workspace/AppiumFrameworkDesign//src//test//java//org//dandytech//testApps//General-Store.apk
[debug] &amp#27;[38;5;48m[ADB]&amp#27;[0m Running '/Users/user/Library/Android/sdk/platform-tools/adb -P 5037 -s emulator-5554 shell cmd package list packages'
&amp#27;[38;5;48m[ADB]&amp#27;[0m Using 'apksigner.jar' from '/Users/user/Library/Android/sdk/build-tools/33.0.0/lib/apksigner.jar'
[debug] &amp#27;[38;5;48m[ADB]&amp#27;[0m Starting apksigner: /Library/Java/JavaVirtualMachines/jdk-19.jdk/Contents/Home/bin/java -Xmx1024M -Xss1m -jar /Users/user/Library/Android/sdk/build-tools/33.0.0/lib/apksigner.jar verify --print-certs /Users/user/eclipse-workspace/AppiumFrameworkDesign//src//test//java//org//dandytech//testApps//General-Store.apk
[debug] &amp#27;[38;5;48m[ADB]&amp#27;[0m 'io.appium.uiautomator2.server.test' is installed
[debug] &amp#27;[38;5;48m[ADB]&amp#27;[0m The version name of the installed 'io.appium.uiautomator2.server' is greater or equal to the application version name ('7.0.18' >= '7.0.18')
[debug] &amp#27;[38;5;32m[AndroidUiautomator2Driver@756b]&amp#27;[0m Server packages status: [{"installState":"sameVersionInstalled","appPath":"/Users/user/.appium/node_modules/appium-uiautomator2-driver/node_modules/appium-uiautomator2-server/apks/appium-uiautomator2-server-v7.0.18.apk","appId":"io.appium.uiautomator2.server"},{"installState":"sameVersionInstalled","appPath":"/Users/user/.appium/node_modules/appium-uiautomator2-driver/node_modules/appium-uiautomator2-server/apks/appium-uiautomator2-server-debug-androidTest.apk","appId":"io.appium.uiautomator2.server.test"}]
&amp#27;[38;5;32m[AndroidUiautomator2Driver@756b]&amp#27;[0m Server packages are not going to be (re)installed
[debug] &amp#27;[38;5;32m[AndroidUiautomator2Driver@756b]&amp#27;[0m Waiting up to 30000ms for services to be available
[debug] &amp#27;[38;5;48m[ADB]&amp#27;[0m Running '/Users/user/Library/Android/sdk/platform-tools/adb -P 5037 -s emulator-5554 shell pm list instrumentation'
[debug] &amp#27;[38;5;32m[AndroidUiautomator2Driver@756b]&amp#27;[0m Instrumentation target 'io.appium.uiautomator2.server.test/androidx.test.runner.AndroidJUnitRunner' is available
&amp#27;[38;5;48m[ADB]&amp#27;[0m Adding packages ["io.appium.settings","io.appium.uiautomator2.server","io.appium.uiautomator2.server.test"] to Doze whitelist
[debug] &amp#27;[38;5;48m[ADB]&amp#27;[0m Got the following command chunks to execute: [["dumpsys","deviceidle","whitelist","+io.appium.settings",";","dumpsys","deviceidle","whitelist","+io.appium.uiautomator2.server",";","dumpsys","deviceidle","whitelist","+io.appium.uiautomator2.server.test",";"]]
[debug] &amp#27;[38;5;48m[ADB]&amp#27;[0m Running '/Users/user/Library/Android/sdk/platform-tools/adb -P 5037 -s emulator-5554 shell dumpsys deviceidle whitelist +io.appium.settings ; dumpsys deviceidle whitelist +io.appium.uiautomator2.server ; dumpsys deviceidle whitelist +io.appium.uiautomator2.server.test ;'
[debug] &amp#27;[38;5;48m[ADB]&amp#27;[0m apksigner stdout: Signer #1 certificate DN: EMAILADDRESS=android@android.com, CN=Android, OU=Android, O=Android, L=Mountain View, ST=California, C=US
Signer #1 certificate SHA-256 digest: a40da80a59d170caa950cf15c18c454d47a39b26989d8b640ecd745ba71bf5dc
Signer #1 certificate SHA-1 digest: 61ed377e85d386a8dfee6b864bd85b0bfaa5af81
Signer #1 certificate MD5 digest: e89b158e4bcf988ebd09eb83f5378e87

[debug] &amp#27;[38;5;48m[ADB]&amp#27;[0m sha256 hash did match for 'General-Store.apk'
&amp#27;[38;5;48m[ADB]&amp#27;[0m '/Users/user/eclipse-workspace/AppiumFrameworkDesign//src//test//java//org//dandytech//testApps//General-Store.apk' is signed with the default certificate
[debug] &amp#27;[38;5;48m[ADB]&amp#27;[0m Getting package info for 'com.androidsample.generalstore'
[debug] &amp#27;[38;5;48m[ADB]&amp#27;[0m Running '/Users/user/Library/Android/sdk/platform-tools/adb -P 5037 -s emulator-5554 shell dumpsys package com.androidsample.generalstore'
[debug] &amp#27;[38;5;48m[ADB]&amp#27;[0m The version name of the installed 'com.androidsample.generalstore' is greater or equal to the application version name ('1.0.0' >= '1.0.0')
[debug] &amp#27;[38;5;48m[ADB]&amp#27;[0m There is no need to install/upgrade '/Users/user/eclipse-workspace/AppiumFrameworkDesign//src//test//java//org//dandytech//testApps//General-Store.apk'
&amp#27;[38;5;32m[AndroidUiautomator2Driver@756b]&amp#27;[0m Performing fast reset on 'com.androidsample.generalstore'
[debug] &amp#27;[38;5;48m[ADB]&amp#27;[0m Getting install status for com.androidsample.generalstore
[debug] &amp#27;[38;5;48m[ADB]&amp#27;[0m Running '/Users/user/Library/Android/sdk/platform-tools/adb -P 5037 -s emulator-5554 shell cmd package list packages'
[debug] &amp#27;[38;5;48m[ADB]&amp#27;[0m 'com.androidsample.generalstore' is installed
[debug] &amp#27;[38;5;48m[ADB]&amp#27;[0m Running '/Users/user/Library/Android/sdk/platform-tools/adb -P 5037 -s emulator-5554 shell am force-stop com.androidsample.generalstore'
[debug] &amp#27;[38;5;48m[ADB]&amp#27;[0m Running '/Users/user/Library/Android/sdk/platform-tools/adb -P 5037 -s emulator-5554 shell pm clear com.androidsample.generalstore'
[debug] &amp#27;[38;5;32m[AndroidUiautomator2Driver@756b]&amp#27;[0m Performed fast reset on the installed 'com.androidsample.generalstore' application (stop and clear)
[debug] &amp#27;[38;5;32m[AndroidUiautomator2Driver@756b]&amp#27;[0m Performing shallow cleanup of automation leftovers
[debug] &amp#27;[38;5;32m[AndroidUiautomator2Driver@756b]&amp#27;[0m No obsolete sessions have been detected (socket hang up)
[debug] &amp#27;[38;5;48m[ADB]&amp#27;[0m Running '/Users/user/Library/Android/sdk/platform-tools/adb -P 5037 -s emulator-5554 shell am force-stop io.appium.uiautomator2.server.test'
&amp#27;[38;5;32m[AndroidUiautomator2Driver@756b]&amp#27;[0m Starting UIAutomator2 server 7.0.18
&amp#27;[38;5;32m[AndroidUiautomator2Driver@756b]&amp#27;[0m Using UIAutomator2 server from '/Users/user/.appium/node_modules/appium-uiautomator2-driver/node_modules/appium-uiautomator2-server/apks/appium-uiautomator2-server-v7.0.18.apk' and test from '/Users/user/.appium/node_modules/appium-uiautomator2-driver/node_modules/appium-uiautomator2-server/apks/appium-uiautomator2-server-debug-androidTest.apk'
&amp#27;[38;5;32m[AndroidUiautomator2Driver@756b]&amp#27;[0m Waiting up to 30000ms for UiAutomator2 to be online...
[debug] &amp#27;[38;5;48m[ADB]&amp#27;[0m Creating ADB subprocess with args: ["-P","5037","-s","emulator-5554","shell","am","instrument","-w","-e","disableAnalytics","true","io.appium.uiautomator2.server.test/androidx.test.runner.AndroidJUnitRunner"]
[debug] &amp#27;[38;5;32m[AndroidUiautomator2Driver@756b]&amp#27;[0m Matched '/status' to command name 'getStatus'
[debug] &amp#27;[38;5;32m[AndroidUiautomator2Driver@756b]&amp#27;[0m Proxying [GET /status] to [GET http://127.0.0.1:8200/status] with no body
&amp#27;[38;5;32m[AndroidUiautomator2Driver@756b]&amp#27;[0m socket hang up
[debug] &amp#27;[38;5;32m[AndroidUiautomator2Driver@756b]&amp#27;[0m Matched '/status' to command name 'getStatus'
[debug] &amp#27;[38;5;32m[AndroidUiautomator2Driver@756b]&amp#27;[0m Proxying [GET /status] to [GET http://127.0.0.1:8200/status] with no body
&amp#27;[38;5;32m[AndroidUiautomator2Driver@756b]&amp#27;[0m socket hang up
[debug] &amp#27;[38;5;32m[AndroidUiautomator2Driver@756b]&amp#27;[0m [Instrumentation] 
[debug] &amp#27;[38;5;32m[AndroidUiautomator2Driver@756b]&amp#27;[0m Matched '/status' to command name 'getStatus'
[debug] &amp#27;[38;5;32m[AndroidUiautomator2Driver@756b]&amp#27;[0m Proxying [GET /status] to [GET http://127.0.0.1:8200/status] with no body
&amp#27;[38;5;32m[AndroidUiautomator2Driver@756b]&amp#27;[0m socket hang up
[debug] &amp#27;[38;5;32m[AndroidUiautomator2Driver@756b]&amp#27;[0m Matched '/status' to command name 'getStatus'
[debug] &amp#27;[38;5;32m[AndroidUiautomator2Driver@756b]&amp#27;[0m Proxying [GET /status] to [GET http://127.0.0.1:8200/status] with no body
[debug] &amp#27;[38;5;32m[AndroidUiautomator2Driver@756b]&amp#27;[0m Got response with status 200: {"sessionId":"None","value":{"message":"UiAutomator2 Server is ready to accept commands","ready":true}}
[debug] &amp#27;[38;5;32m[AndroidUiautomator2Driver@756b]&amp#27;[0m The initialization of the instrumentation process took 3165ms
[debug] &amp#27;[38;5;32m[AndroidUiautomator2Driver@756b]&amp#27;[0m Matched '/session' to command name 'createSession'
[debug] &amp#27;[38;5;32m[AndroidUiautomator2Driver@756b]&amp#27;[0m Proxying [POST /session] to [POST http://127.0.0.1:8200/session] with body: {"capabilities":{"firstMatch":[{"platformName":"ANDROID","chromedriverExecutable":"/Users/user/eclipse-workspace/AppiumFrameworkDesign//src//test//java//org//dandytech//testApps//chromedriver","deviceName":"emulator-5554","automationName":"UIAutomator2","app":"/Users/user/eclipse-workspace/AppiumFrameworkDesign//src//test//java//org//dandytech//testApps//General-Store.apk","platform":"LINUX","webStorageEnabled":false,"takesScreenshot":true,"javascriptEnabled":true,"databaseEnabled":false,"networkConnectionEnabled":true,"locationContextEnabled":false,"warnings":{},"desired":{"platformName":"ANDROID","chromedriverExecutable":"/Users/user/eclipse-workspace/AppiumFrameworkDesign//src//test//java//org//dandytech//testApps//chromedriver","deviceName":"Nexus 6P API 33","automationName":"UIAutomator2","app":"/Users/user/eclipse-workspace/AppiumFrameworkDesign//src//test//java//org//dandytech//testApps//General-Store.apk"},"deviceUDID":"emulator-5554","appPackage":"com.androidsample.generalstore"}],"alwaysMatch":{}}}
[debug] &amp#27;[38;5;32m[AndroidUiautomator2Driver@756b]&amp#27;[0m Got response with status 200: {"sessionId":"c58554df-ce34-4693-8bc8-74f386f9ff8d","value":{"capabilities":{"firstMatch":[{"platformName":"ANDROID","chromedriverExecutable":"/Users/user/eclipse-workspace/AppiumFrameworkDesign//src//test//java//org//dandytech//testApps//chromedriver","deviceName":"emulator-5554","automationName":"UIAutomator2","app":"/Users/user/eclipse-workspace/AppiumFrameworkDesign//src//test//java//org//dandytech//testApps//General-Store.apk","platform":"LINUX","webStorageEnabled":false,"takesScreenshot":true,"javascriptEnabled":true,"databaseEnabled":false,"networkConnectionEnabled":true,"locationContextEnabled":false,"warnings":{},"desired":{"platformName":"ANDROID","chromedriverExecutable":"/Users/user/eclipse-workspace/AppiumFrameworkDesign//src//test//java//org//dandytech//testApps//chromedriver","deviceName":"Nexus 6P API 33","automationName":"UIAutomator2","app":"/Users/user/eclipse-workspace/AppiumFrameworkDesign//src//test//java//org//dandytech//testApps//General-Store.apk"},"deviceUDID":"emulator-5554","app...
&amp#27;[38;5;32m[AndroidUiautomator2Driver@756b]&amp#27;[0m Determined the downstream protocol as 'W3C'
[debug] &amp#27;[38;5;32m[AndroidUiautomator2Driver@756b]&amp#27;[0m Proxying [GET /appium/device/pixel_ratio] to [GET http://127.0.0.1:8200/session/c58554df-ce34-4693-8bc8-74f386f9ff8d/appium/device/pixel_ratio] with no body
[debug] &amp#27;[38;5;32m[AndroidUiautomator2Driver@756b]&amp#27;[0m Matched '/appium/device/system_bars' to command name 'getSystemBars'
[debug] &amp#27;[38;5;32m[AndroidUiautomator2Driver@756b]&amp#27;[0m Proxying [GET /appium/device/system_bars] to [GET http://127.0.0.1:8200/session/c58554df-ce34-4693-8bc8-74f386f9ff8d/appium/device/system_bars] with no body
[debug] &amp#27;[38;5;32m[AndroidUiautomator2Driver@756b]&amp#27;[0m Matched '/window/current/size' to command name 'getWindowSize'
[debug] &amp#27;[38;5;32m[AndroidUiautomator2Driver@756b]&amp#27;[0m Proxying [GET /window/current/size] to [GET http://127.0.0.1:8200/session/c58554df-ce34-4693-8bc8-74f386f9ff8d/window/current/size] with no body
[debug] &amp#27;[38;5;32m[AndroidUiautomator2Driver@756b]&amp#27;[0m Proxying [GET /appium/device/info] to [GET http://127.0.0.1:8200/session/c58554df-ce34-4693-8bc8-74f386f9ff8d/appium/device/info] with no body
[debug] &amp#27;[38;5;48m[ADB]&amp#27;[0m Running '/Users/user/Library/Android/sdk/platform-tools/adb -P 5037 -s emulator-5554 shell dumpsys window'
[debug] &amp#27;[38;5;48m[ADB]&amp#27;[0m Running '/Users/user/Library/Android/sdk/platform-tools/adb -P 5037 -s emulator-5554 shell dumpsys power'
[debug] &amp#27;[38;5;32m[AndroidUiautomator2Driver@756b]&amp#27;[0m Got response with status 200: {"sessionId":"c58554df-ce34-4693-8bc8-74f386f9ff8d","value":3.5}
[debug] &amp#27;[38;5;32m[AndroidUiautomator2Driver@756b]&amp#27;[0m Got response with status 200: {"sessionId":"c58554df-ce34-4693-8bc8-74f386f9ff8d","value":{"height":2560,"width":1440}}
[debug] &amp#27;[38;5;32m[AndroidUiautomator2Driver@756b]&amp#27;[0m Got response with status 200: {"sessionId":"c58554df-ce34-4693-8bc8-74f386f9ff8d","value":{"statusBar":84}}
[debug] &amp#27;[38;5;32m[AndroidUiautomator2Driver@756b]&amp#27;[0m Got response with status 200: {"sessionId":"c58554df-ce34-4693-8bc8-74f386f9ff8d","value":{"androidId":"2971f550e3e739a1","apiVersion":"33","bluetooth":{"state":"ON"},"brand":"google","carrierName":"T-Mobile","displayDensity":560,"locale":"en_US","manufacturer":"Google","model":"sdk_gphone64_x86_64","networks":[{"capabilities":{"SSID":null,"linkDownBandwidthKbps":30000,"linkUpstreamBandwidthKbps":12000,"networkCapabilities":"NET_CAPABILITY_NOT_METERED,NET_CAPABILITY_INTERNET,NET_CAPABILITY_NOT_RESTRICTED,NET_CAPABILITY_TRUSTED,NET_CAPABILITY_NOT_VPN,NET_CAPABILITY_NOT_ROAMING,NET_CAPABILITY_FOREGROUND,NET_CAPABILITY_NOT_CONGESTED,NET_CAPABILITY_NOT_SUSPENDED","signalStrength":-50,"transportTypes":"TRANSPORT_WIFI"},"detailedState":"CONNECTED","extraInfo":"","isAvailable":true,"isConnected":true,"isFailover":false,"isRoaming":false,"state":"CONNECTED","subtype":-1,"subtypeName":"","type":1,"typeName":"WIFI"}],"platformVersion":"13","realDisplaySize":"1440x2560","timeZone":"Africa/Lagos"}}
&amp#27;[38;5;32m[AndroidUiautomator2Driver@756b]&amp#27;[0m Screen already unlocked, doing nothing
&amp#27;[38;5;32m[AndroidUiautomator2Driver@756b]&amp#27;[0m Starting 'com.androidsample.generalstore/com.androidsample.generalstore.SplashActivity and waiting for 'com.androidsample.generalstore/com.androidsample.generalstore.SplashActivity'
[debug] &amp#27;[38;5;48m[ADB]&amp#27;[0m Running '/Users/user/Library/Android/sdk/platform-tools/adb -P 5037 -s emulator-5554 shell am start -W -n com.androidsample.generalstore/com.androidsample.generalstore.SplashActivity -S -a android.intent.action.MAIN -c android.intent.category.LAUNCHER -f 0x10200000'
[debug] &amp#27;[38;5;48m[ADB]&amp#27;[0m Waiting up to 20000ms for activity matching pkg: 'com.androidsample.generalstore' and activity: 'com.androidsample.generalstore.SplashActivity' to be focused
[debug] &amp#27;[38;5;48m[ADB]&amp#27;[0m Possible activities, to be checked: 'com.androidsample.generalstore.SplashActivity', 'com.androidsample.generalstore.com.androidsample.generalstore.SplashActivity'
[debug] &amp#27;[38;5;48m[ADB]&amp#27;[0m Getting focused package and activity
[debug] &amp#27;[38;5;48m[ADB]&amp#27;[0m Running '/Users/user/Library/Android/sdk/platform-tools/adb -P 5037 -s emulator-5554 shell dumpsys window displays'
[debug] &amp#27;[38;5;48m[ADB]&amp#27;[0m Found package: 'com.androidsample.generalstore' and fully qualified activity name : 'com.androidsample.generalstore.SplashActivity'
&amp#27;[38;5;16m[AppiumDriver@d28a]&amp#27;[0m New AndroidUiautomator2Driver session created successfully, session dfe5339f-c9cb-463f-846e-bada59d9e7b7 added to master session list
[debug] &amp#27;[38;5;16m[AppiumDriver@d28a]&amp#27;[0m Event 'newSessionStarted' logged at 1721637302819 (09:35:02 GMT+0100 (West Africa Standard Time))
[debug] &amp#27;[38;5;32m[AndroidUiautomator2Driver@756b]&amp#27;[0m Cached the protocol value 'W3C' for the new session dfe5339f-c9cb-463f-846e-bada59d9e7b7
[debug] &amp#27;[38;5;32m[AndroidUiautomator2Driver@756b]&amp#27;[0m Responding to client with driver.createSession() result: {"capabilities":{"platformName":"ANDROID","chromedriverExecutable":"/Users/user/eclipse-workspace/AppiumFrameworkDesign//src//test//java//org//dandytech//testApps//chromedriver","deviceName":"emulator-5554","automationName":"UIAutomator2","app":"/Users/user/eclipse-workspace/AppiumFrameworkDesign//src//test//java//org//dandytech//testApps//General-Store.apk","platform":"LINUX","webStorageEnabled":false,"takesScreenshot":true,"javascriptEnabled":true,"databaseEnabled":false,"networkConnectionEnabled":true,"locationContextEnabled":false,"warnings":{},"desired":{"platformName":"ANDROID","chromedriverExecutable":"/Users/user/eclipse-workspace/AppiumFrameworkDesign//src//test//java//org//dandytech//testApps//chromedriver","deviceName":"Nexus 6P API 33","automationName":"UIAutomator2","app":"/Users/user/eclipse-workspace/AppiumFrameworkDesign//src//test//java//org//dandytech//testApps//General-Store.apk"},"deviceUDID":"emulator-5554","appPackage":"com.androidsample.generalstore","pixelRatio":"3.5","statBarHeight...
&amp#27;[38;5;0m[HTTP]&amp#27;[0m <-- POST /session 200 7177 ms - 1316 
&amp#27;[38;5;0m[HTTP]&amp#27;[0m &amp#27;[37m-->&amp#27;[39m &amp#27;[37mPOST&amp#27;[39m &amp#27;[37m/session/dfe5339f-c9cb-463f-846e-bada59d9e7b7/timeouts&amp#27;[39m {"implicit":10000}
[debug] &amp#27;[38;5;32m[AndroidUiautomator2Driver@756b]&amp#27;[0m Calling AppiumDriver.timeouts() with args: [null,null,null,null,10000,"dfe5339f-c9cb-463f-846e-bada59d9e7b7"]
[debug] &amp#27;[38;5;32m[AndroidUiautomator2Driver@756b]&amp#27;[0m W3C timeout argument: {"implicit":10000}}
[debug] &amp#27;[38;5;32m[AndroidUiautomator2Driver@756b]&amp#27;[0m Set implicit wait to 10000ms
[debug] &amp#27;[38;5;32m[AndroidUiautomator2Driver@756b]&amp#27;[0m Responding to client with driver.timeouts() result: null
&amp#27;[38;5;0m[HTTP]&amp#27;[0m <-- POST /session/dfe5339f-c9cb-463f-846e-bada59d9e7b7/timeouts 200 9 ms - 14 
&amp#27;[38;5;0m[HTTP]&amp#27;[0m &amp#27;[37m-->&amp#27;[39m &amp#27;[37mGET&amp#27;[39m &amp#27;[37m/session/dfe5339f-c9cb-463f-846e-bada59d9e7b7/context&amp#27;[39m {}
[debug] &amp#27;[38;5;32m[AndroidUiautomator2Driver@756b]&amp#27;[0m Calling AppiumDriver.getCurrentContext() with args: ["dfe5339f-c9cb-463f-846e-bada59d9e7b7"]
[debug] &amp#27;[38;5;32m[AndroidUiautomator2Driver@756b]&amp#27;[0m Responding to client with driver.getCurrentContext() result: "NATIVE_APP"
&amp#27;[38;5;0m[HTTP]&amp#27;[0m <-- GET /session/dfe5339f-c9cb-463f-846e-bada59d9e7b7/context 200 4 ms - 22 
&amp#27;[38;5;0m[HTTP]&amp#27;[0m &amp#27;[37m-->&amp#27;[39m &amp#27;[37mPOST&amp#27;[39m &amp#27;[37m/session/dfe5339f-c9cb-463f-846e-bada59d9e7b7/element&amp#27;[39m {"using":"id","value":"com.androidsample.generalstore:id/nameField"}
[debug] &amp#27;[38;5;32m[AndroidUiautomator2Driver@756b]&amp#27;[0m Calling AppiumDriver.findElement() with args: ["id","com.androidsample.generalstore:id/nameField","dfe5339f-c9cb-463f-846e-bada59d9e7b7"]
[debug] &amp#27;[38;5;32m[AndroidUiautomator2Driver@756b]&amp#27;[0m Valid locator strategies for this request: xpath, id, class name, accessibility id, css selector, -android uiautomator
[debug] &amp#27;[38;5;32m[AndroidUiautomator2Driver@756b]&amp#27;[0m Waiting up to 10000 ms for condition
[debug] &amp#27;[38;5;32m[AndroidUiautomator2Driver@756b]&amp#27;[0m Matched '/element' to command name 'findElement'
[debug] &amp#27;[38;5;32m[AndroidUiautomator2Driver@756b]&amp#27;[0m Proxying [POST /element] to [POST http://127.0.0.1:8200/session/c58554df-ce34-4693-8bc8-74f386f9ff8d/element] with body: {"strategy":"id","selector":"com.androidsample.generalstore:id/nameField","context":"","multiple":false}
&amp#27;[38;5;32m[AndroidUiautomator2Driver@756b]&amp#27;[0m Got response with status 404: {"sessionId":"c58554df-ce34-4693-8bc8-74f386f9ff8d","value":{"error":"no such element","message":"An element could not be located on the page using the given search parameters","stacktrace":"io.appium.uiautomator2.common.exceptions.ElementNotFoundException: An element could not be located on the page using the given search parameters\n\tat io.appium.uiautomator2.handler.FindElement.safeHandle(FindElement.java:63)\n\tat io.appium.uiautomator2.handler.request.SafeRequestHandler.handle(SafeRequestHandler.java:59)\n\tat io.appium.uiautomator2.server.AppiumServlet.handleRequest(AppiumServlet.java:259)\n\tat io.appium.uiautomator2.server.AppiumServlet.handleHttpRequest(AppiumServlet.java:253)\n\tat io.appium.uiautomator2.http.ServerHandler.channelRead(ServerHandler.java:77)\n\tat io.netty.channel.AbstractChannelHandlerContext.invokeChannelRead(AbstractChannelHandlerContext.java:366)\n\tat io.netty.channel.AbstractChannelHandlerContext.invokeChannelRead(AbstractChannelHandlerContext.java:352)\n\tat io.netty.chann...
[debug] &amp#27;[38;5;96m[W3C]&amp#27;[0m Matched W3C error code 'no such element' to NoSuchElementError
[debug] &amp#27;[38;5;32m[AndroidUiautomator2Driver@756b]&amp#27;[0m Waited for 38 ms so far
[debug] &amp#27;[38;5;32m[AndroidUiautomator2Driver@756b]&amp#27;[0m Matched '/element' to command name 'findElement'
[debug] &amp#27;[38;5;32m[AndroidUiautomator2Driver@756b]&amp#27;[0m Proxying [POST /element] to [POST http://127.0.0.1:8200/session/c58554df-ce34-4693-8bc8-74f386f9ff8d/element] with body: {"strategy":"id","selector":"com.androidsample.generalstore:id/nameField","context":"","multiple":false}
&amp#27;[38;5;32m[AndroidUiautomator2Driver@756b]&amp#27;[0m Got response with status 404: {"sessionId":"c58554df-ce34-4693-8bc8-74f386f9ff8d","value":{"error":"no such element","message":"An element could not be located on the page using the given search parameters","stacktrace":"io.appium.uiautomator2.common.exceptions.ElementNotFoundException: An element could not be located on the page using the given search parameters\n\tat io.appium.uiautomator2.handler.FindElement.safeHandle(FindElement.java:63)\n\tat io.appium.uiautomator2.handler.request.SafeRequestHandler.handle(SafeRequestHandler.java:59)\n\tat io.appium.uiautomator2.server.AppiumServlet.handleRequest(AppiumServlet.java:259)\n\tat io.appium.uiautomator2.server.AppiumServlet.handleHttpRequest(AppiumServlet.java:253)\n\tat io.appium.uiautomator2.http.ServerHandler.channelRead(ServerHandler.java:77)\n\tat io.netty.channel.AbstractChannelHandlerContext.invokeChannelRead(AbstractChannelHandlerContext.java:366)\n\tat io.netty.channel.AbstractChannelHandlerContext.invokeChannelRead(AbstractChannelHandlerContext.java:352)\n\tat io.netty.chann...
[debug] &amp#27;[38;5;96m[W3C]&amp#27;[0m Matched W3C error code 'no such element' to NoSuchElementError
[debug] &amp#27;[38;5;32m[AndroidUiautomator2Driver@756b]&amp#27;[0m Waited for 559 ms so far
[debug] &amp#27;[38;5;32m[AndroidUiautomator2Driver@756b]&amp#27;[0m Matched '/element' to command name 'findElement'
[debug] &amp#27;[38;5;32m[AndroidUiautomator2Driver@756b]&amp#27;[0m Proxying [POST /element] to [POST http://127.0.0.1:8200/session/c58554df-ce34-4693-8bc8-74f386f9ff8d/element] with body: {"strategy":"id","selector":"com.androidsample.generalstore:id/nameField","context":"","multiple":false}
&amp#27;[38;5;32m[AndroidUiautomator2Driver@756b]&amp#27;[0m Got response with status 404: {"sessionId":"c58554df-ce34-4693-8bc8-74f386f9ff8d","value":{"error":"no such element","message":"An element could not be located on the page using the given search parameters","stacktrace":"io.appium.uiautomator2.common.exceptions.ElementNotFoundException: An element could not be located on the page using the given search parameters\n\tat io.appium.uiautomator2.handler.FindElement.safeHandle(FindElement.java:63)\n\tat io.appium.uiautomator2.handler.request.SafeRequestHandler.handle(SafeRequestHandler.java:59)\n\tat io.appium.uiautomator2.server.AppiumServlet.handleRequest(AppiumServlet.java:259)\n\tat io.appium.uiautomator2.server.AppiumServlet.handleHttpRequest(AppiumServlet.java:253)\n\tat io.appium.uiautomator2.http.ServerHandler.channelRead(ServerHandler.java:77)\n\tat io.netty.channel.AbstractChannelHandlerContext.invokeChannelRead(AbstractChannelHandlerContext.java:366)\n\tat io.netty.channel.AbstractChannelHandlerContext.invokeChannelRead(AbstractChannelHandlerContext.java:352)\n\tat io.netty.chann...
[debug] &amp#27;[38;5;96m[W3C]&amp#27;[0m Matched W3C error code 'no such element' to NoSuchElementError
[debug] &amp#27;[38;5;32m[AndroidUiautomator2Driver@756b]&amp#27;[0m Waited for 1083 ms so far
[debug] &amp#27;[38;5;32m[AndroidUiautomator2Driver@756b]&amp#27;[0m Matched '/element' to command name 'findElement'
[debug] &amp#27;[38;5;32m[AndroidUiautomator2Driver@756b]&amp#27;[0m Proxying [POST /element] to [POST http://127.0.0.1:8200/session/c58554df-ce34-4693-8bc8-74f386f9ff8d/element] with body: {"strategy":"id","selector":"com.androidsample.generalstore:id/nameField","context":"","multiple":false}
&amp#27;[38;5;32m[AndroidUiautomator2Driver@756b]&amp#27;[0m Got response with status 404: {"sessionId":"c58554df-ce34-4693-8bc8-74f386f9ff8d","value":{"error":"no such element","message":"An element could not be located on the page using the given search parameters","stacktrace":"io.appium.uiautomator2.common.exceptions.ElementNotFoundException: An element could not be located on the page using the given search parameters\n\tat io.appium.uiautomator2.handler.FindElement.safeHandle(FindElement.java:63)\n\tat io.appium.uiautomator2.handler.request.SafeRequestHandler.handle(SafeRequestHandler.java:59)\n\tat io.appium.uiautomator2.server.AppiumServlet.handleRequest(AppiumServlet.java:259)\n\tat io.appium.uiautomator2.server.AppiumServlet.handleHttpRequest(AppiumServlet.java:253)\n\tat io.appium.uiautomator2.http.ServerHandler.channelRead(ServerHandler.java:77)\n\tat io.netty.channel.AbstractChannelHandlerContext.invokeChannelRead(AbstractChannelHandlerContext.java:366)\n\tat io.netty.channel.AbstractChannelHandlerContext.invokeChannelRead(AbstractChannelHandlerContext.java:352)\n\tat io.netty.chann...
[debug] &amp#27;[38;5;96m[W3C]&amp#27;[0m Matched W3C error code 'no such element' to NoSuchElementError
[debug] &amp#27;[38;5;32m[AndroidUiautomator2Driver@756b]&amp#27;[0m Waited for 1606 ms so far
[debug] &amp#27;[38;5;32m[AndroidUiautomator2Driver@756b]&amp#27;[0m Matched '/element' to command name 'findElement'
[debug] &amp#27;[38;5;32m[AndroidUiautomator2Driver@756b]&amp#27;[0m Proxying [POST /element] to [POST http://127.0.0.1:8200/session/c58554df-ce34-4693-8bc8-74f386f9ff8d/element] with body: {"strategy":"id","selector":"com.androidsample.generalstore:id/nameField","context":"","multiple":false}
[debug] &amp#27;[38;5;32m[AndroidUiautomator2Driver@756b]&amp#27;[0m Got response with status 200: {"sessionId":"c58554df-ce34-4693-8bc8-74f386f9ff8d","value":{"ELEMENT":"00000000-0000-02f6-ffff-ffff0000001c","element-6066-11e4-a52e-4f735466cecf":"00000000-0000-02f6-ffff-ffff0000001c"}}
[debug] &amp#27;[38;5;32m[AndroidUiautomator2Driver@756b]&amp#27;[0m Responding to client with driver.findElement() result: {"element-6066-11e4-a52e-4f735466cecf":"00000000-0000-02f6-ffff-ffff0000001c","ELEMENT":"00000000-0000-02f6-ffff-ffff0000001c"}
&amp#27;[38;5;0m[HTTP]&amp#27;[0m <-- POST /session/dfe5339f-c9cb-463f-846e-bada59d9e7b7/element 200 2837 ms - 137 
&amp#27;[38;5;0m[HTTP]&amp#27;[0m &amp#27;[37m-->&amp#27;[39m &amp#27;[37mPOST&amp#27;[39m &amp#27;[37m/session/dfe5339f-c9cb-463f-846e-bada59d9e7b7/element/00000000-0000-02f6-ffff-ffff0000001c/value&amp#27;[39m {"id":"00000000-0000-02f6-ffff-ffff0000001c","value":["D","a","n","i","e","l"," ","A","m","a","e","c","h","i"],"text":"Daniel Amaechi"}
[debug] &amp#27;[38;5;32m[AndroidUiautomator2Driver@756b]&amp#27;[0m Calling AppiumDriver.setValue() with args: [["D","a","n","i","e","l"," ","A","m","a","e","c","h","i"],"00000000-0000-02f6-ffff-ffff0000001c","dfe5339f-c9cb-463f-846e-bada59d9e7b7"]
[debug] &amp#27;[38;5;32m[AndroidUiautomator2Driver@756b]&amp#27;[0m Matched '/element/00000000-0000-02f6-ffff-ffff0000001c/value' to command name 'setValue'
[debug] &amp#27;[38;5;32m[AndroidUiautomator2Driver@756b]&amp#27;[0m Added 'value' property ["D","a","n","i","e","l"," ","A","m","a","e","c","h","i"] to 'setValue' request body
[debug] &amp#27;[38;5;32m[AndroidUiautomator2Driver@756b]&amp#27;[0m Proxying [POST /element/00000000-0000-02f6-ffff-ffff0000001c/value] to [POST http://127.0.0.1:8200/session/c58554df-ce34-4693-8bc8-74f386f9ff8d/element/00000000-0000-02f6-ffff-ffff0000001c/value] with body: {"elementId":"00000000-0000-02f6-ffff-ffff0000001c","text":"Daniel Amaechi","replace":false,"value":["D","a","n","i","e","l"," ","A","m","a","e","c","h","i"]}
[debug] &amp#27;[38;5;32m[AndroidUiautomator2Driver@756b]&amp#27;[0m Got response with status 200: {"sessionId":"c58554df-ce34-4693-8bc8-74f386f9ff8d","value":null}
[debug] &amp#27;[38;5;32m[AndroidUiautomator2Driver@756b]&amp#27;[0m Responding to client with driver.setValue() result: null
&amp#27;[38;5;0m[HTTP]&amp#27;[0m <-- POST /session/dfe5339f-c9cb-463f-846e-bada59d9e7b7/element/00000000-0000-02f6-ffff-ffff0000001c/value 200 1046 ms - 14 
&amp#27;[38;5;0m[HTTP]&amp#27;[0m &amp#27;[37m-->&amp#27;[39m &amp#27;[37mPOST&amp#27;[39m &amp#27;[37m/session/dfe5339f-c9cb-463f-846e-bada59d9e7b7/execute/sync&amp#27;[39m {"args":[],"script":"mobile: hideKeyboard"}
[debug] &amp#27;[38;5;32m[AndroidUiautomator2Driver@756b]&amp#27;[0m Calling AppiumDriver.execute() with args: ["mobile: hideKeyboard",[],"dfe5339f-c9cb-463f-846e-bada59d9e7b7"]
&amp#27;[38;5;32m[AndroidUiautomator2Driver@756b]&amp#27;[0m Executing native command 'mobile: hideKeyboard'
[debug] &amp#27;[38;5;48m[ADB]&amp#27;[0m Running '/Users/user/Library/Android/sdk/platform-tools/adb -P 5037 -s emulator-5554 shell dumpsys input_method'
&amp#27;[38;5;48m[ADB]&amp#27;[0m Keyboard has no UI; no closing necessary
[debug] &amp#27;[38;5;32m[AndroidUiautomator2Driver@756b]&amp#27;[0m Responding to client with driver.execute() result: false
&amp#27;[38;5;0m[HTTP]&amp#27;[0m <-- POST /session/dfe5339f-c9cb-463f-846e-bada59d9e7b7/execute/sync 200 307 ms - 15 
&amp#27;[38;5;0m[HTTP]&amp#27;[0m &amp#27;[37m-->&amp#27;[39m &amp#27;[37mGET&amp#27;[39m &amp#27;[37m/session/dfe5339f-c9cb-463f-846e-bada59d9e7b7/context&amp#27;[39m {}
[debug] &amp#27;[38;5;32m[AndroidUiautomator2Driver@756b]&amp#27;[0m Calling AppiumDriver.getCurrentContext() with args: ["dfe5339f-c9cb-463f-846e-bada59d9e7b7"]
[debug] &amp#27;[38;5;32m[AndroidUiautomator2Driver@756b]&amp#27;[0m Responding to client with driver.getCurrentContext() result: "NATIVE_APP"
&amp#27;[38;5;0m[HTTP]&amp#27;[0m <-- GET /session/dfe5339f-c9cb-463f-846e-bada59d9e7b7/context 200 2 ms - 22 
&amp#27;[38;5;0m[HTTP]&amp#27;[0m &amp#27;[37m-->&amp#27;[39m &amp#27;[37mPOST&amp#27;[39m &amp#27;[37m/session/dfe5339f-c9cb-463f-846e-bada59d9e7b7/element&amp#27;[39m {"using":"xpath","value":"//android.widget.RadioButton[@text='Male']"}
[debug] &amp#27;[38;5;32m[AndroidUiautomator2Driver@756b]&amp#27;[0m Calling AppiumDriver.findElement() with args: ["xpath","//android.widget.RadioButton[@text='Male']","dfe5339f-c9cb-463f-846e-bada59d9e7b7"]
[debug] &amp#27;[38;5;32m[AndroidUiautomator2Driver@756b]&amp#27;[0m Valid locator strategies for this request: xpath, id, class name, accessibility id, css selector, -android uiautomator
[debug] &amp#27;[38;5;32m[AndroidUiautomator2Driver@756b]&amp#27;[0m Waiting up to 10000 ms for condition
[debug] &amp#27;[38;5;32m[AndroidUiautomator2Driver@756b]&amp#27;[0m Matched '/element' to command name 'findElement'
[debug] &amp#27;[38;5;32m[AndroidUiautomator2Driver@756b]&amp#27;[0m Proxying [POST /element] to [POST http://127.0.0.1:8200/session/c58554df-ce34-4693-8bc8-74f386f9ff8d/element] with body: {"strategy":"xpath","selector":"//android.widget.RadioButton[@text='Male']","context":"","multiple":false}
[debug] &amp#27;[38;5;32m[AndroidUiautomator2Driver@756b]&amp#27;[0m Got response with status 200: {"sessionId":"c58554df-ce34-4693-8bc8-74f386f9ff8d","value":{"ELEMENT":"00000000-0000-02f6-ffff-ffff0000001f","element-6066-11e4-a52e-4f735466cecf":"00000000-0000-02f6-ffff-ffff0000001f"}}
[debug] &amp#27;[38;5;32m[AndroidUiautomator2Driver@756b]&amp#27;[0m Responding to client with driver.findElement() result: {"element-6066-11e4-a52e-4f735466cecf":"00000000-0000-02f6-ffff-ffff0000001f","ELEMENT":"00000000-0000-02f6-ffff-ffff0000001f"}
&amp#27;[38;5;0m[HTTP]&amp#27;[0m <-- POST /session/dfe5339f-c9cb-463f-846e-bada59d9e7b7/element 200 496 ms - 137 
&amp#27;[38;5;0m[HTTP]&amp#27;[0m &amp#27;[37m-->&amp#27;[39m &amp#27;[37mPOST&amp#27;[39m &amp#27;[37m/session/dfe5339f-c9cb-463f-846e-bada59d9e7b7/element/00000000-0000-02f6-ffff-ffff0000001f/click&amp#27;[39m {"id":"00000000-0000-02f6-ffff-ffff0000001f"}
[debug] &amp#27;[38;5;32m[AndroidUiautomator2Driver@756b]&amp#27;[0m Calling AppiumDriver.click() with args: ["00000000-0000-02f6-ffff-ffff0000001f","dfe5339f-c9cb-463f-846e-bada59d9e7b7"]
[debug] &amp#27;[38;5;32m[AndroidUiautomator2Driver@756b]&amp#27;[0m Matched '/element/00000000-0000-02f6-ffff-ffff0000001f/click' to command name 'click'
[debug] &amp#27;[38;5;32m[AndroidUiautomator2Driver@756b]&amp#27;[0m Proxying [POST /element/00000000-0000-02f6-ffff-ffff0000001f/click] to [POST http://127.0.0.1:8200/session/c58554df-ce34-4693-8bc8-74f386f9ff8d/element/00000000-0000-02f6-ffff-ffff0000001f/click] with body: {"element":"00000000-0000-02f6-ffff-ffff0000001f"}
[debug] &amp#27;[38;5;32m[AndroidUiautomator2Driver@756b]&amp#27;[0m Got response with status 200: {"sessionId":"c58554df-ce34-4693-8bc8-74f386f9ff8d","value":null}
[debug] &amp#27;[38;5;32m[AndroidUiautomator2Driver@756b]&amp#27;[0m Responding to client with driver.click() result: null
&amp#27;[38;5;0m[HTTP]&amp#27;[0m <-- POST /session/dfe5339f-c9cb-463f-846e-bada59d9e7b7/element/00000000-0000-02f6-ffff-ffff0000001f/click 200 89 ms - 14 
&amp#27;[38;5;0m[HTTP]&amp#27;[0m &amp#27;[37m-->&amp#27;[39m &amp#27;[37mGET&amp#27;[39m &amp#27;[37m/session/dfe5339f-c9cb-463f-846e-bada59d9e7b7/context&amp#27;[39m {}
[debug] &amp#27;[38;5;32m[AndroidUiautomator2Driver@756b]&amp#27;[0m Calling AppiumDriver.getCurrentContext() with args: ["dfe5339f-c9cb-463f-846e-bada59d9e7b7"]
[debug] &amp#27;[38;5;32m[AndroidUiautomator2Driver@756b]&amp#27;[0m Responding to client with driver.getCurrentContext() result: "NATIVE_APP"
&amp#27;[38;5;0m[HTTP]&amp#27;[0m <-- GET /session/dfe5339f-c9cb-463f-846e-bada59d9e7b7/context 200 2 ms - 22 
&amp#27;[38;5;0m[HTTP]&amp#27;[0m &amp#27;[37m-->&amp#27;[39m &amp#27;[37mPOST&amp#27;[39m &amp#27;[37m/session/dfe5339f-c9cb-463f-846e-bada59d9e7b7/element&amp#27;[39m {"using":"id","value":"com.androidsample.generalstore:id/spinnerCountry"}
[debug] &amp#27;[38;5;32m[AndroidUiautomator2Driver@756b]&amp#27;[0m Calling AppiumDriver.findElement() with args: ["id","com.androidsample.generalstore:id/spinnerCountry","dfe5339f-c9cb-463f-846e-bada59d9e7b7"]
[debug] &amp#27;[38;5;32m[AndroidUiautomator2Driver@756b]&amp#27;[0m Valid locator strategies for this request: xpath, id, class name, accessibility id, css selector, -android uiautomator
[debug] &amp#27;[38;5;32m[AndroidUiautomator2Driver@756b]&amp#27;[0m Waiting up to 10000 ms for condition
[debug] &amp#27;[38;5;32m[AndroidUiautomator2Driver@756b]&amp#27;[0m Matched '/element' to command name 'findElement'
[debug] &amp#27;[38;5;32m[AndroidUiautomator2Driver@756b]&amp#27;[0m Proxying [POST /element] to [POST http://127.0.0.1:8200/session/c58554df-ce34-4693-8bc8-74f386f9ff8d/element] with body: {"strategy":"id","selector":"com.androidsample.generalstore:id/spinnerCountry","context":"","multiple":false}
[debug] &amp#27;[38;5;32m[AndroidUiautomator2Driver@756b]&amp#27;[0m Got response with status 200: {"sessionId":"c58554df-ce34-4693-8bc8-74f386f9ff8d","value":{"ELEMENT":"00000000-0000-02f6-ffff-ffff0000001a","element-6066-11e4-a52e-4f735466cecf":"00000000-0000-02f6-ffff-ffff0000001a"}}
[debug] &amp#27;[38;5;32m[AndroidUiautomator2Driver@756b]&amp#27;[0m Responding to client with driver.findElement() result: {"element-6066-11e4-a52e-4f735466cecf":"00000000-0000-02f6-ffff-ffff0000001a","ELEMENT":"00000000-0000-02f6-ffff-ffff0000001a"}
&amp#27;[38;5;0m[HTTP]&amp#27;[0m <-- POST /session/dfe5339f-c9cb-463f-846e-bada59d9e7b7/element 200 397 ms - 137 
&amp#27;[38;5;0m[HTTP]&amp#27;[0m &amp#27;[37m-->&amp#27;[39m &amp#27;[37mPOST&amp#27;[39m &amp#27;[37m/session/dfe5339f-c9cb-463f-846e-bada59d9e7b7/element/00000000-0000-02f6-ffff-ffff0000001a/click&amp#27;[39m {"id":"00000000-0000-02f6-ffff-ffff0000001a"}
[debug] &amp#27;[38;5;32m[AndroidUiautomator2Driver@756b]&amp#27;[0m Calling AppiumDriver.click() with args: ["00000000-0000-02f6-ffff-ffff0000001a","dfe5339f-c9cb-463f-846e-bada59d9e7b7"]
[debug] &amp#27;[38;5;32m[AndroidUiautomator2Driver@756b]&amp#27;[0m Matched '/element/00000000-0000-02f6-ffff-ffff0000001a/click' to command name 'click'
[debug] &amp#27;[38;5;32m[AndroidUiautomator2Driver@756b]&amp#27;[0m Proxying [POST /element/00000000-0000-02f6-ffff-ffff0000001a/click] to [POST http://127.0.0.1:8200/session/c58554df-ce34-4693-8bc8-74f386f9ff8d/element/00000000-0000-02f6-ffff-ffff0000001a/click] with body: {"element":"00000000-0000-02f6-ffff-ffff0000001a"}
[debug] &amp#27;[38;5;32m[AndroidUiautomator2Driver@756b]&amp#27;[0m Got response with status 200: {"sessionId":"c58554df-ce34-4693-8bc8-74f386f9ff8d","value":null}
[debug] &amp#27;[38;5;32m[AndroidUiautomator2Driver@756b]&amp#27;[0m Responding to client with driver.click() result: null
&amp#27;[38;5;0m[HTTP]&amp#27;[0m <-- POST /session/dfe5339f-c9cb-463f-846e-bada59d9e7b7/element/00000000-0000-02f6-ffff-ffff0000001a/click 200 165 ms - 14 
&amp#27;[38;5;0m[HTTP]&amp#27;[0m &amp#27;[37m-->&amp#27;[39m &amp#27;[37mPOST&amp#27;[39m &amp#27;[37m/session/dfe5339f-c9cb-463f-846e-bada59d9e7b7/element&amp#27;[39m {"using":"-android uiautomator","value":"new UiScrollable(new UiSelector()).scrollIntoView(text(\"Aruba\"))"}
[debug] &amp#27;[38;5;32m[AndroidUiautomator2Driver@756b]&amp#27;[0m Calling AppiumDriver.findElement() with args: ["-android uiautomator","new UiScrollable(new UiSelector()).scrollIntoView(text(\"Aruba\"))","dfe5339f-c9cb-463f-846e-bada59d9e7b7"]
[debug] &amp#27;[38;5;32m[AndroidUiautomator2Driver@756b]&amp#27;[0m Valid locator strategies for this request: xpath, id, class name, accessibility id, css selector, -android uiautomator
[debug] &amp#27;[38;5;32m[AndroidUiautomator2Driver@756b]&amp#27;[0m Waiting up to 10000 ms for condition
[debug] &amp#27;[38;5;32m[AndroidUiautomator2Driver@756b]&amp#27;[0m Matched '/element' to command name 'findElement'
[debug] &amp#27;[38;5;32m[AndroidUiautomator2Driver@756b]&amp#27;[0m Proxying [POST /element] to [POST http://127.0.0.1:8200/session/c58554df-ce34-4693-8bc8-74f386f9ff8d/element] with body: {"strategy":"-android uiautomator","selector":"new UiScrollable(new UiSelector()).scrollIntoView(text(\"Aruba\"))","context":"","multiple":false}
[debug] &amp#27;[38;5;32m[AndroidUiautomator2Driver@756b]&amp#27;[0m Got response with status 200: {"sessionId":"c58554df-ce34-4693-8bc8-74f386f9ff8d","value":{"ELEMENT":"00000000-0000-02f7-ffff-ffff0000002b","element-6066-11e4-a52e-4f735466cecf":"00000000-0000-02f7-ffff-ffff0000002b"}}
[debug] &amp#27;[38;5;32m[AndroidUiautomator2Driver@756b]&amp#27;[0m Responding to client with driver.findElement() result: {"element-6066-11e4-a52e-4f735466cecf":"00000000-0000-02f7-ffff-ffff0000002b","ELEMENT":"00000000-0000-02f7-ffff-ffff0000002b"}
&amp#27;[38;5;0m[HTTP]&amp#27;[0m <-- POST /session/dfe5339f-c9cb-463f-846e-bada59d9e7b7/element 200 5689 ms - 137 
&amp#27;[38;5;0m[HTTP]&amp#27;[0m &amp#27;[37m-->&amp#27;[39m &amp#27;[37mPOST&amp#27;[39m &amp#27;[37m/session/dfe5339f-c9cb-463f-846e-bada59d9e7b7/element&amp#27;[39m {"using":"xpath","value":"//android.widget.TextView[@text='Aruba']"}
[debug] &amp#27;[38;5;32m[AndroidUiautomator2Driver@756b]&amp#27;[0m Calling AppiumDriver.findElement() with args: ["xpath","//android.widget.TextView[@text='Aruba']","dfe5339f-c9cb-463f-846e-bada59d9e7b7"]
[debug] &amp#27;[38;5;32m[AndroidUiautomator2Driver@756b]&amp#27;[0m Valid locator strategies for this request: xpath, id, class name, accessibility id, css selector, -android uiautomator
[debug] &amp#27;[38;5;32m[AndroidUiautomator2Driver@756b]&amp#27;[0m Waiting up to 10000 ms for condition
[debug] &amp#27;[38;5;32m[AndroidUiautomator2Driver@756b]&amp#27;[0m Matched '/element' to command name 'findElement'
[debug] &amp#27;[38;5;32m[AndroidUiautomator2Driver@756b]&amp#27;[0m Proxying [POST /element] to [POST http://127.0.0.1:8200/session/c58554df-ce34-4693-8bc8-74f386f9ff8d/element] with body: {"strategy":"xpath","selector":"//android.widget.TextView[@text='Aruba']","context":"","multiple":false}
[debug] &amp#27;[38;5;32m[AndroidUiautomator2Driver@756b]&amp#27;[0m Got response with status 200: {"sessionId":"c58554df-ce34-4693-8bc8-74f386f9ff8d","value":{"ELEMENT":"00000000-0000-02f7-ffff-ffff0000002b","element-6066-11e4-a52e-4f735466cecf":"00000000-0000-02f7-ffff-ffff0000002b"}}
[debug] &amp#27;[38;5;32m[AndroidUiautomator2Driver@756b]&amp#27;[0m Responding to client with driver.findElement() result: {"element-6066-11e4-a52e-4f735466cecf":"00000000-0000-02f7-ffff-ffff0000002b","ELEMENT":"00000000-0000-02f7-ffff-ffff0000002b"}
&amp#27;[38;5;0m[HTTP]&amp#27;[0m <-- POST /session/dfe5339f-c9cb-463f-846e-bada59d9e7b7/element 200 72 ms - 137 
&amp#27;[38;5;0m[HTTP]&amp#27;[0m &amp#27;[37m-->&amp#27;[39m &amp#27;[37mPOST&amp#27;[39m &amp#27;[37m/session/dfe5339f-c9cb-463f-846e-bada59d9e7b7/element/00000000-0000-02f7-ffff-ffff0000002b/click&amp#27;[39m {"id":"00000000-0000-02f7-ffff-ffff0000002b"}
[debug] &amp#27;[38;5;32m[AndroidUiautomator2Driver@756b]&amp#27;[0m Calling AppiumDriver.click() with args: ["00000000-0000-02f7-ffff-ffff0000002b","dfe5339f-c9cb-463f-846e-bada59d9e7b7"]
[debug] &amp#27;[38;5;32m[AndroidUiautomator2Driver@756b]&amp#27;[0m Matched '/element/00000000-0000-02f7-ffff-ffff0000002b/click' to command name 'click'
[debug] &amp#27;[38;5;32m[AndroidUiautomator2Driver@756b]&amp#27;[0m Proxying [POST /element/00000000-0000-02f7-ffff-ffff0000002b/click] to [POST http://127.0.0.1:8200/session/c58554df-ce34-4693-8bc8-74f386f9ff8d/element/00000000-0000-02f7-ffff-ffff0000002b/click] with body: {"element":"00000000-0000-02f7-ffff-ffff0000002b"}
[debug] &amp#27;[38;5;32m[AndroidUiautomator2Driver@756b]&amp#27;[0m Got response with status 200: {"sessionId":"c58554df-ce34-4693-8bc8-74f386f9ff8d","value":null}
[debug] &amp#27;[38;5;32m[AndroidUiautomator2Driver@756b]&amp#27;[0m Responding to client with driver.click() result: null
&amp#27;[38;5;0m[HTTP]&amp#27;[0m <-- POST /session/dfe5339f-c9cb-463f-846e-bada59d9e7b7/element/00000000-0000-02f7-ffff-ffff0000002b/click 200 781 ms - 14 
&amp#27;[38;5;0m[HTTP]&amp#27;[0m &amp#27;[37m-->&amp#27;[39m &amp#27;[37mPOST&amp#27;[39m &amp#27;[37m/session/dfe5339f-c9cb-463f-846e-bada59d9e7b7/element&amp#27;[39m {"using":"xpath","value":"//android.widget.TextView[@text='Aruba']"}
[debug] &amp#27;[38;5;32m[AndroidUiautomator2Driver@756b]&amp#27;[0m Calling AppiumDriver.findElement() with args: ["xpath","//android.widget.TextView[@text='Aruba']","dfe5339f-c9cb-463f-846e-bada59d9e7b7"]
[debug] &amp#27;[38;5;32m[AndroidUiautomator2Driver@756b]&amp#27;[0m Valid locator strategies for this request: xpath, id, class name, accessibility id, css selector, -android uiautomator
[debug] &amp#27;[38;5;32m[AndroidUiautomator2Driver@756b]&amp#27;[0m Waiting up to 10000 ms for condition
[debug] &amp#27;[38;5;32m[AndroidUiautomator2Driver@756b]&amp#27;[0m Matched '/element' to command name 'findElement'
[debug] &amp#27;[38;5;32m[AndroidUiautomator2Driver@756b]&amp#27;[0m Proxying [POST /element] to [POST http://127.0.0.1:8200/session/c58554df-ce34-4693-8bc8-74f386f9ff8d/element] with body: {"strategy":"xpath","selector":"//android.widget.TextView[@text='Aruba']","context":"","multiple":false}
[debug] &amp#27;[38;5;32m[AndroidUiautomator2Driver@756b]&amp#27;[0m Got response with status 200: {"sessionId":"c58554df-ce34-4693-8bc8-74f386f9ff8d","value":{"ELEMENT":"00000000-0000-02f6-ffff-ffff00000032","element-6066-11e4-a52e-4f735466cecf":"00000000-0000-02f6-ffff-ffff00000032"}}
[debug] &amp#27;[38;5;32m[AndroidUiautomator2Driver@756b]&amp#27;[0m Responding to client with driver.findElement() result: {"element-6066-11e4-a52e-4f735466cecf":"00000000-0000-02f6-ffff-ffff00000032","ELEMENT":"00000000-0000-02f6-ffff-ffff00000032"}
&amp#27;[38;5;0m[HTTP]&amp#27;[0m <-- POST /session/dfe5339f-c9cb-463f-846e-bada59d9e7b7/element 200 89 ms - 137 
&amp#27;[38;5;0m[HTTP]&amp#27;[0m &amp#27;[37m-->&amp#27;[39m &amp#27;[37mGET&amp#27;[39m &amp#27;[37m/session/dfe5339f-c9cb-463f-846e-bada59d9e7b7/element/00000000-0000-02f6-ffff-ffff00000032/text&amp#27;[39m {}
&amp#27;[38;5;32m[AndroidUiautomator2Driver@756b]&amp#27;[0m Driver proxy active, passing request on via HTTP proxy
[debug] &amp#27;[38;5;32m[AndroidUiautomator2Driver@756b]&amp#27;[0m Matched '/session/dfe5339f-c9cb-463f-846e-bada59d9e7b7/element/00000000-0000-02f6-ffff-ffff00000032/text' to command name 'getText'
[debug] &amp#27;[38;5;32m[AndroidUiautomator2Driver@756b]&amp#27;[0m Proxying [GET /session/dfe5339f-c9cb-463f-846e-bada59d9e7b7/element/00000000-0000-02f6-ffff-ffff00000032/text] to [GET http://127.0.0.1:8200/session/c58554df-ce34-4693-8bc8-74f386f9ff8d/element/00000000-0000-02f6-ffff-ffff00000032/text] with no body
[debug] &amp#27;[38;5;32m[AndroidUiautomator2Driver@756b]&amp#27;[0m Got response with status 200: {"sessionId":"c58554df-ce34-4693-8bc8-74f386f9ff8d","value":"Aruba"}
&amp#27;[38;5;32m[AndroidUiautomator2Driver@756b]&amp#27;[0m Replacing sessionId c58554df-ce34-4693-8bc8-74f386f9ff8d with dfe5339f-c9cb-463f-846e-bada59d9e7b7
&amp#27;[38;5;0m[HTTP]&amp#27;[0m <-- GET /session/dfe5339f-c9cb-463f-846e-bada59d9e7b7/element/00000000-0000-02f6-ffff-ffff00000032/text 200 18 ms - 68 
Aruba
&amp#27;[38;5;0m[HTTP]&amp#27;[0m &amp#27;[37m-->&amp#27;[39m &amp#27;[37mGET&amp#27;[39m &amp#27;[37m/session/dfe5339f-c9cb-463f-846e-bada59d9e7b7/context&amp#27;[39m {}
[debug] &amp#27;[38;5;32m[AndroidUiautomator2Driver@756b]&amp#27;[0m Calling AppiumDriver.getCurrentContext() with args: ["dfe5339f-c9cb-463f-846e-bada59d9e7b7"]
[debug] &amp#27;[38;5;32m[AndroidUiautomator2Driver@756b]&amp#27;[0m Responding to client with driver.getCurrentContext() result: "NATIVE_APP"
&amp#27;[38;5;0m[HTTP]&amp#27;[0m <-- GET /session/dfe5339f-c9cb-463f-846e-bada59d9e7b7/context 200 1 ms - 22 
&amp#27;[38;5;0m[HTTP]&amp#27;[0m &amp#27;[37m-->&amp#27;[39m &amp#27;[37mPOST&amp#27;[39m &amp#27;[37m/session/dfe5339f-c9cb-463f-846e-bada59d9e7b7/element&amp#27;[39m {"using":"id","value":"com.androidsample.generalstore:id/btnLetsShop"}
[debug] &amp#27;[38;5;32m[AndroidUiautomator2Driver@756b]&amp#27;[0m Calling AppiumDriver.findElement() with args: ["id","com.androidsample.generalstore:id/btnLetsShop","dfe5339f-c9cb-463f-846e-bada59d9e7b7"]
[debug] &amp#27;[38;5;32m[AndroidUiautomator2Driver@756b]&amp#27;[0m Valid locator strategies for this request: xpath, id, class name, accessibility id, css selector, -android uiautomator
[debug] &amp#27;[38;5;32m[AndroidUiautomator2Driver@756b]&amp#27;[0m Waiting up to 10000 ms for condition
[debug] &amp#27;[38;5;32m[AndroidUiautomator2Driver@756b]&amp#27;[0m Matched '/element' to command name 'findElement'
[debug] &amp#27;[38;5;32m[AndroidUiautomator2Driver@756b]&amp#27;[0m Proxying [POST /element] to [POST http://127.0.0.1:8200/session/c58554df-ce34-4693-8bc8-74f386f9ff8d/element] with body: {"strategy":"id","selector":"com.androidsample.generalstore:id/btnLetsShop","context":"","multiple":false}
[debug] &amp#27;[38;5;32m[AndroidUiautomator2Driver@756b]&amp#27;[0m Got response with status 200: {"sessionId":"c58554df-ce34-4693-8bc8-74f386f9ff8d","value":{"ELEMENT":"00000000-0000-02f6-ffff-ffff00000021","element-6066-11e4-a52e-4f735466cecf":"00000000-0000-02f6-ffff-ffff00000021"}}
[debug] &amp#27;[38;5;32m[AndroidUiautomator2Driver@756b]&amp#27;[0m Responding to client with driver.findElement() result: {"element-6066-11e4-a52e-4f735466cecf":"00000000-0000-02f6-ffff-ffff00000021","ELEMENT":"00000000-0000-02f6-ffff-ffff00000021"}
&amp#27;[38;5;0m[HTTP]&amp#27;[0m <-- POST /session/dfe5339f-c9cb-463f-846e-bada59d9e7b7/element 200 40 ms - 137 
&amp#27;[38;5;0m[HTTP]&amp#27;[0m &amp#27;[37m-->&amp#27;[39m &amp#27;[37mPOST&amp#27;[39m &amp#27;[37m/session/dfe5339f-c9cb-463f-846e-bada59d9e7b7/element/00000000-0000-02f6-ffff-ffff00000021/click&amp#27;[39m {"id":"00000000-0000-02f6-ffff-ffff00000021"}
[debug] &amp#27;[38;5;32m[AndroidUiautomator2Driver@756b]&amp#27;[0m Calling AppiumDriver.click() with args: ["00000000-0000-02f6-ffff-ffff00000021","dfe5339f-c9cb-463f-846e-bada59d9e7b7"]
[debug] &amp#27;[38;5;32m[AndroidUiautomator2Driver@756b]&amp#27;[0m Matched '/element/00000000-0000-02f6-ffff-ffff00000021/click' to command name 'click'
[debug] &amp#27;[38;5;32m[AndroidUiautomator2Driver@756b]&amp#27;[0m Proxying [POST /element/00000000-0000-02f6-ffff-ffff00000021/click] to [POST http://127.0.0.1:8200/session/c58554df-ce34-4693-8bc8-74f386f9ff8d/element/00000000-0000-02f6-ffff-ffff00000021/click] with body: {"element":"00000000-0000-02f6-ffff-ffff00000021"}
[debug] &amp#27;[38;5;32m[AndroidUiautomator2Driver@756b]&amp#27;[0m Got response with status 200: {"sessionId":"c58554df-ce34-4693-8bc8-74f386f9ff8d","value":null}
[debug] &amp#27;[38;5;32m[AndroidUiautomator2Driver@756b]&amp#27;[0m Responding to client with driver.click() result: null
&amp#27;[38;5;0m[HTTP]&amp#27;[0m <-- POST /session/dfe5339f-c9cb-463f-846e-bada59d9e7b7/element/00000000-0000-02f6-ffff-ffff00000021/click 200 78 ms - 14 
&amp#27;[38;5;0m[HTTP]&amp#27;[0m &amp#27;[37m-->&amp#27;[39m &amp#27;[37mGET&amp#27;[39m &amp#27;[37m/session/dfe5339f-c9cb-463f-846e-bada59d9e7b7/context&amp#27;[39m {}
[debug] &amp#27;[38;5;32m[AndroidUiautomator2Driver@756b]&amp#27;[0m Calling AppiumDriver.getCurrentContext() with args: ["dfe5339f-c9cb-463f-846e-bada59d9e7b7"]
[debug] &amp#27;[38;5;32m[AndroidUiautomator2Driver@756b]&amp#27;[0m Responding to client with driver.getCurrentContext() result: "NATIVE_APP"
&amp#27;[38;5;0m[HTTP]&amp#27;[0m <-- GET /session/dfe5339f-c9cb-463f-846e-bada59d9e7b7/context 200 1 ms - 22 
&amp#27;[38;5;0m[HTTP]&amp#27;[0m &amp#27;[37m-->&amp#27;[39m &amp#27;[37mPOST&amp#27;[39m &amp#27;[37m/session/dfe5339f-c9cb-463f-846e-bada59d9e7b7/elements&amp#27;[39m {"using":"xpath","value":"//android.widget.TextView[@text='ADD TO CART']"}
[debug] &amp#27;[38;5;32m[AndroidUiautomator2Driver@756b]&amp#27;[0m Calling AppiumDriver.findElements() with args: ["xpath","//android.widget.TextView[@text='ADD TO CART']","dfe5339f-c9cb-463f-846e-bada59d9e7b7"]
[debug] &amp#27;[38;5;32m[AndroidUiautomator2Driver@756b]&amp#27;[0m Valid locator strategies for this request: xpath, id, class name, accessibility id, css selector, -android uiautomator
[debug] &amp#27;[38;5;32m[AndroidUiautomator2Driver@756b]&amp#27;[0m Waiting up to 10000 ms for condition
[debug] &amp#27;[38;5;32m[AndroidUiautomator2Driver@756b]&amp#27;[0m Matched '/elements' to command name 'findElements'
[debug] &amp#27;[38;5;32m[AndroidUiautomator2Driver@756b]&amp#27;[0m Proxying [POST /elements] to [POST http://127.0.0.1:8200/session/c58554df-ce34-4693-8bc8-74f386f9ff8d/elements] with body: {"strategy":"xpath","selector":"//android.widget.TextView[@text='ADD TO CART']","context":"","multiple":true}
[debug] &amp#27;[38;5;32m[AndroidUiautomator2Driver@756b]&amp#27;[0m Got response with status 200: {"sessionId":"c58554df-ce34-4693-8bc8-74f386f9ff8d","value":[]}
[debug] &amp#27;[38;5;32m[AndroidUiautomator2Driver@756b]&amp#27;[0m Waited for 2068 ms so far
[debug] &amp#27;[38;5;32m[AndroidUiautomator2Driver@756b]&amp#27;[0m Matched '/elements' to command name 'findElements'
[debug] &amp#27;[38;5;32m[AndroidUiautomator2Driver@756b]&amp#27;[0m Proxying [POST /elements] to [POST http://127.0.0.1:8200/session/c58554df-ce34-4693-8bc8-74f386f9ff8d/elements] with body: {"strategy":"xpath","selector":"//android.widget.TextView[@text='ADD TO CART']","context":"","multiple":true}
[debug] &amp#27;[38;5;32m[AndroidUiautomator2Driver@756b]&amp#27;[0m Got response with status 200: {"sessionId":"c58554df-ce34-4693-8bc8-74f386f9ff8d","value":[{"ELEMENT":"00000000-0000-02f8-ffff-ffff00000050","element-6066-11e4-a52e-4f735466cecf":"00000000-0000-02f8-ffff-ffff00000050"},{"ELEMENT":"00000000-0000-02f8-ffff-ffff00000058","element-6066-11e4-a52e-4f735466cecf":"00000000-0000-02f8-ffff-ffff00000058"}]}
[debug] &amp#27;[38;5;32m[AndroidUiautomator2Driver@756b]&amp#27;[0m Responding to client with driver.findElements() result: [{"element-6066-11e4-a52e-4f735466cecf":"00000000-0000-02f8-ffff-ffff00000050","ELEMENT":"00000000-0000-02f8-ffff-ffff00000050"},{"element-6066-11e4-a52e-4f735466cecf":"00000000-0000-02f8-ffff-ffff00000058","ELEMENT":"00000000-0000-02f8-ffff-ffff00000058"}]
&amp#27;[38;5;0m[HTTP]&amp#27;[0m <-- POST /session/dfe5339f-c9cb-463f-846e-bada59d9e7b7/elements 200 2975 ms - 267 
&amp#27;[38;5;0m[HTTP]&amp#27;[0m &amp#27;[37m-->&amp#27;[39m &amp#27;[37mPOST&amp#27;[39m &amp#27;[37m/session/dfe5339f-c9cb-463f-846e-bada59d9e7b7/element/00000000-0000-02f8-ffff-ffff00000050/click&amp#27;[39m {"id":"00000000-0000-02f8-ffff-ffff00000050"}
[debug] &amp#27;[38;5;32m[AndroidUiautomator2Driver@756b]&amp#27;[0m Calling AppiumDriver.click() with args: ["00000000-0000-02f8-ffff-ffff00000050","dfe5339f-c9cb-463f-846e-bada59d9e7b7"]
[debug] &amp#27;[38;5;32m[AndroidUiautomator2Driver@756b]&amp#27;[0m Matched '/element/00000000-0000-02f8-ffff-ffff00000050/click' to command name 'click'
[debug] &amp#27;[38;5;32m[AndroidUiautomator2Driver@756b]&amp#27;[0m Proxying [POST /element/00000000-0000-02f8-ffff-ffff00000050/click] to [POST http://127.0.0.1:8200/session/c58554df-ce34-4693-8bc8-74f386f9ff8d/element/00000000-0000-02f8-ffff-ffff00000050/click] with body: {"element":"00000000-0000-02f8-ffff-ffff00000050"}
[debug] &amp#27;[38;5;32m[AndroidUiautomator2Driver@756b]&amp#27;[0m Got response with status 200: {"sessionId":"c58554df-ce34-4693-8bc8-74f386f9ff8d","value":null}
[debug] &amp#27;[38;5;32m[AndroidUiautomator2Driver@756b]&amp#27;[0m Responding to client with driver.click() result: null
&amp#27;[38;5;0m[HTTP]&amp#27;[0m <-- POST /session/dfe5339f-c9cb-463f-846e-bada59d9e7b7/element/00000000-0000-02f8-ffff-ffff00000050/click 200 641 ms - 14 
&amp#27;[38;5;0m[HTTP]&amp#27;[0m &amp#27;[37m-->&amp#27;[39m &amp#27;[37mGET&amp#27;[39m &amp#27;[37m/session/dfe5339f-c9cb-463f-846e-bada59d9e7b7/context&amp#27;[39m {}
[debug] &amp#27;[38;5;32m[AndroidUiautomator2Driver@756b]&amp#27;[0m Calling AppiumDriver.getCurrentContext() with args: ["dfe5339f-c9cb-463f-846e-bada59d9e7b7"]
[debug] &amp#27;[38;5;32m[AndroidUiautomator2Driver@756b]&amp#27;[0m Responding to client with driver.getCurrentContext() result: "NATIVE_APP"
&amp#27;[38;5;0m[HTTP]&amp#27;[0m <-- GET /session/dfe5339f-c9cb-463f-846e-bada59d9e7b7/context 200 1 ms - 22 
&amp#27;[38;5;0m[HTTP]&amp#27;[0m &amp#27;[37m-->&amp#27;[39m &amp#27;[37mPOST&amp#27;[39m &amp#27;[37m/session/dfe5339f-c9cb-463f-846e-bada59d9e7b7/elements&amp#27;[39m {"using":"xpath","value":"//android.widget.TextView[@text='ADD TO CART']"}
[debug] &amp#27;[38;5;32m[AndroidUiautomator2Driver@756b]&amp#27;[0m Calling AppiumDriver.findElements() with args: ["xpath","//android.widget.TextView[@text='ADD TO CART']","dfe5339f-c9cb-463f-846e-bada59d9e7b7"]
[debug] &amp#27;[38;5;32m[AndroidUiautomator2Driver@756b]&amp#27;[0m Valid locator strategies for this request: xpath, id, class name, accessibility id, css selector, -android uiautomator
[debug] &amp#27;[38;5;32m[AndroidUiautomator2Driver@756b]&amp#27;[0m Waiting up to 10000 ms for condition
[debug] &amp#27;[38;5;32m[AndroidUiautomator2Driver@756b]&amp#27;[0m Matched '/elements' to command name 'findElements'
[debug] &amp#27;[38;5;32m[AndroidUiautomator2Driver@756b]&amp#27;[0m Proxying [POST /elements] to [POST http://127.0.0.1:8200/session/c58554df-ce34-4693-8bc8-74f386f9ff8d/elements] with body: {"strategy":"xpath","selector":"//android.widget.TextView[@text='ADD TO CART']","context":"","multiple":true}
[debug] &amp#27;[38;5;32m[AndroidUiautomator2Driver@756b]&amp#27;[0m Got response with status 200: {"sessionId":"c58554df-ce34-4693-8bc8-74f386f9ff8d","value":[{"ELEMENT":"00000000-0000-02f8-ffff-ffff00000058","element-6066-11e4-a52e-4f735466cecf":"00000000-0000-02f8-ffff-ffff00000058"}]}
[debug] &amp#27;[38;5;32m[AndroidUiautomator2Driver@756b]&amp#27;[0m Responding to client with driver.findElements() result: [{"element-6066-11e4-a52e-4f735466cecf":"00000000-0000-02f8-ffff-ffff00000058","ELEMENT":"00000000-0000-02f8-ffff-ffff00000058"}]
&amp#27;[38;5;0m[HTTP]&amp#27;[0m <-- POST /session/dfe5339f-c9cb-463f-846e-bada59d9e7b7/elements 200 323 ms - 139 
&amp#27;[38;5;0m[HTTP]&amp#27;[0m &amp#27;[37m-->&amp#27;[39m &amp#27;[37mPOST&amp#27;[39m &amp#27;[37m/session/dfe5339f-c9cb-463f-846e-bada59d9e7b7/element/00000000-0000-02f8-ffff-ffff00000058/click&amp#27;[39m {"id":"00000000-0000-02f8-ffff-ffff00000058"}
[debug] &amp#27;[38;5;32m[AndroidUiautomator2Driver@756b]&amp#27;[0m Calling AppiumDriver.click() with args: ["00000000-0000-02f8-ffff-ffff00000058","dfe5339f-c9cb-463f-846e-bada59d9e7b7"]
[debug] &amp#27;[38;5;32m[AndroidUiautomator2Driver@756b]&amp#27;[0m Matched '/element/00000000-0000-02f8-ffff-ffff00000058/click' to command name 'click'
[debug] &amp#27;[38;5;32m[AndroidUiautomator2Driver@756b]&amp#27;[0m Proxying [POST /element/00000000-0000-02f8-ffff-ffff00000058/click] to [POST http://127.0.0.1:8200/session/c58554df-ce34-4693-8bc8-74f386f9ff8d/element/00000000-0000-02f8-ffff-ffff00000058/click] with body: {"element":"00000000-0000-02f8-ffff-ffff00000058"}
[debug] &amp#27;[38;5;32m[AndroidUiautomator2Driver@756b]&amp#27;[0m Got response with status 200: {"sessionId":"c58554df-ce34-4693-8bc8-74f386f9ff8d","value":null}
[debug] &amp#27;[38;5;32m[AndroidUiautomator2Driver@756b]&amp#27;[0m Responding to client with driver.click() result: null
&amp#27;[38;5;0m[HTTP]&amp#27;[0m <-- POST /session/dfe5339f-c9cb-463f-846e-bada59d9e7b7/element/00000000-0000-02f8-ffff-ffff00000058/click 200 562 ms - 14 
&amp#27;[38;5;0m[HTTP]&amp#27;[0m &amp#27;[37m-->&amp#27;[39m &amp#27;[37mGET&amp#27;[39m &amp#27;[37m/session/dfe5339f-c9cb-463f-846e-bada59d9e7b7/context&amp#27;[39m {}
[debug] &amp#27;[38;5;32m[AndroidUiautomator2Driver@756b]&amp#27;[0m Calling AppiumDriver.getCurrentContext() with args: ["dfe5339f-c9cb-463f-846e-bada59d9e7b7"]
[debug] &amp#27;[38;5;32m[AndroidUiautomator2Driver@756b]&amp#27;[0m Responding to client with driver.getCurrentContext() result: "NATIVE_APP"
&amp#27;[38;5;0m[HTTP]&amp#27;[0m <-- GET /session/dfe5339f-c9cb-463f-846e-bada59d9e7b7/context 200 1 ms - 22 
&amp#27;[38;5;0m[HTTP]&amp#27;[0m &amp#27;[37m-->&amp#27;[39m &amp#27;[37mPOST&amp#27;[39m &amp#27;[37m/session/dfe5339f-c9cb-463f-846e-bada59d9e7b7/element&amp#27;[39m {"using":"id","value":"com.androidsample.generalstore:id/appbar_btn_cart"}
[debug] &amp#27;[38;5;32m[AndroidUiautomator2Driver@756b]&amp#27;[0m Calling AppiumDriver.findElement() with args: ["id","com.androidsample.generalstore:id/appbar_btn_cart","dfe5339f-c9cb-463f-846e-bada59d9e7b7"]
[debug] &amp#27;[38;5;32m[AndroidUiautomator2Driver@756b]&amp#27;[0m Valid locator strategies for this request: xpath, id, class name, accessibility id, css selector, -android uiautomator
[debug] &amp#27;[38;5;32m[AndroidUiautomator2Driver@756b]&amp#27;[0m Waiting up to 10000 ms for condition
[debug] &amp#27;[38;5;32m[AndroidUiautomator2Driver@756b]&amp#27;[0m Matched '/element' to command name 'findElement'
[debug] &amp#27;[38;5;32m[AndroidUiautomator2Driver@756b]&amp#27;[0m Proxying [POST /element] to [POST http://127.0.0.1:8200/session/c58554df-ce34-4693-8bc8-74f386f9ff8d/element] with body: {"strategy":"id","selector":"com.androidsample.generalstore:id/appbar_btn_cart","context":"","multiple":false}
[debug] &amp#27;[38;5;32m[AndroidUiautomator2Driver@756b]&amp#27;[0m Got response with status 200: {"sessionId":"c58554df-ce34-4693-8bc8-74f386f9ff8d","value":{"ELEMENT":"00000000-0000-02f8-ffff-ffff00000043","element-6066-11e4-a52e-4f735466cecf":"00000000-0000-02f8-ffff-ffff00000043"}}
[debug] &amp#27;[38;5;32m[AndroidUiautomator2Driver@756b]&amp#27;[0m Responding to client with driver.findElement() result: {"element-6066-11e4-a52e-4f735466cecf":"00000000-0000-02f8-ffff-ffff00000043","ELEMENT":"00000000-0000-02f8-ffff-ffff00000043"}
&amp#27;[38;5;0m[HTTP]&amp#27;[0m <-- POST /session/dfe5339f-c9cb-463f-846e-bada59d9e7b7/element 200 30 ms - 137 
&amp#27;[38;5;0m[HTTP]&amp#27;[0m &amp#27;[37m-->&amp#27;[39m &amp#27;[37mPOST&amp#27;[39m &amp#27;[37m/session/dfe5339f-c9cb-463f-846e-bada59d9e7b7/element/00000000-0000-02f8-ffff-ffff00000043/click&amp#27;[39m {"id":"00000000-0000-02f8-ffff-ffff00000043"}
[debug] &amp#27;[38;5;32m[AndroidUiautomator2Driver@756b]&amp#27;[0m Calling AppiumDriver.click() with args: ["00000000-0000-02f8-ffff-ffff00000043","dfe5339f-c9cb-463f-846e-bada59d9e7b7"]
[debug] &amp#27;[38;5;32m[AndroidUiautomator2Driver@756b]&amp#27;[0m Matched '/element/00000000-0000-02f8-ffff-ffff00000043/click' to command name 'click'
[debug] &amp#27;[38;5;32m[AndroidUiautomator2Driver@756b]&amp#27;[0m Proxying [POST /element/00000000-0000-02f8-ffff-ffff00000043/click] to [POST http://127.0.0.1:8200/session/c58554df-ce34-4693-8bc8-74f386f9ff8d/element/00000000-0000-02f8-ffff-ffff00000043/click] with body: {"element":"00000000-0000-02f8-ffff-ffff00000043"}
[...]
[debug] &amp#27;[38;5;32m[XCUITestDriver@c19b]&amp#27;[0m Executing command 'getCurrentContext'
[debug] &amp#27;[38;5;32m[XCUITestDriver@c19b]&amp#27;[0m Responding to client with driver.getCurrentContext() result: "NATIVE_APP"
&amp#27;[38;5;0m[HTTP]&amp#27;[0m <-- GET /session/cd4a3e3d-09ca-4d4a-a856-a78ca81d9676/context 200 4 ms - 22 
&amp#27;[38;5;0m[HTTP]&amp#27;[0m &amp#27;[37m-->&amp#27;[39m &amp#27;[37mPOST&amp#27;[39m &amp#27;[37m/session/cd4a3e3d-09ca-4d4a-a856-a78ca81d9676/element&amp#27;[39m {"using":"-ios class chain","value":"**/XCUIElementTypeStaticText[`label == 'Text Entry'`]"}
[debug] &amp#27;[38;5;32m[XCUITestDriver@c19b]&amp#27;[0m Calling AppiumDriver.findElement() with args: ["-ios class chain","**/XCUIElementTypeStaticText[`label == 'Text Entry'`]","cd4a3e3d-09ca-4d4a-a856-a78ca81d9676"]
[debug] &amp#27;[38;5;32m[XCUITestDriver@c19b]&amp#27;[0m Executing command 'findElement'
[debug] &amp#27;[38;5;32m[XCUITestDriver@c19b]&amp#27;[0m Valid locator strategies for this request: xpath, id, name, class name, -ios predicate string, -ios class chain, accessibility id, css selector
[debug] &amp#27;[38;5;32m[XCUITestDriver@c19b]&amp#27;[0m Waiting up to 10000 ms for condition
[debug] &amp#27;[38;5;32m[XCUITestDriver@c19b]&amp#27;[0m Matched '/element' to command name 'findElement'
[debug] &amp#27;[38;5;32m[XCUITestDriver@c19b]&amp#27;[0m Proxying [POST /element] to [POST http://127.0.0.1:8100/session/0CB8DFF6-8046-4B09-B118-589ABD5DD86B/element] with body: {"using":"class chain","value":"**/XCUIElementTypeStaticText[`label == 'Text Entry'`]"}
[debug] &amp#27;[38;5;32m[XCUITestDriver@c19b]&amp#27;[0m Got response with status 200: {"value":{"ELEMENT":"BB000000-0000-0000-C27E-000000000000","element-6066-11e4-a52e-4f735466cecf":"BB000000-0000-0000-C27E-000000000000"},"sessionId":"0CB8DFF6-8046-4B09-B118-589ABD5DD86B"}
[debug] &amp#27;[38;5;32m[XCUITestDriver@c19b]&amp#27;[0m Responding to client with driver.findElement() result: {"element-6066-11e4-a52e-4f735466cecf":"BB000000-0000-0000-C27E-000000000000","ELEMENT":"BB000000-0000-0000-C27E-000000000000"}
&amp#27;[38;5;0m[HTTP]&amp#27;[0m <-- POST /session/cd4a3e3d-09ca-4d4a-a856-a78ca81d9676/element 200 1076 ms - 137 
&amp#27;[38;5;0m[HTTP]&amp#27;[0m &amp#27;[37m-->&amp#27;[39m &amp#27;[37mPOST&amp#27;[39m &amp#27;[37m/session/cd4a3e3d-09ca-4d4a-a856-a78ca81d9676/element/BB000000-0000-0000-C27E-000000000000/value&amp#27;[39m {"id":"BB000000-0000-0000-C27E-000000000000","value":["H","e","l","l","o"," ","G","u","y","s",","," ","H","a","p","p","y"," ","C","o","d","i","n","g","!","!","!"],"text":"Hello Guys, Happy Coding!!!"}
[debug] &amp#27;[38;5;32m[XCUITestDriver@c19b]&amp#27;[0m Calling AppiumDriver.setValue() with args: [["H","e","l","l","o"," ","G","u","y","s",","," ","H","a","p","p","y"," ","C","o","d","i","n","g","!","!","!"],"BB000000-0000-0000-C27E-000000000000","cd4a3e3d-09ca-4d4a-a856-a78ca81d9676"]
[debug] &amp#27;[38;5;32m[XCUITestDriver@c19b]&amp#27;[0m Executing command 'setValue'
[debug] &amp#27;[38;5;32m[XCUITestDriver@c19b]&amp#27;[0m Matched '/element/BB000000-0000-0000-C27E-000000000000/value' to command name 'setValue'
[debug] &amp#27;[38;5;32m[XCUITestDriver@c19b]&amp#27;[0m Added 'text' property "Hello Guys, Happy Coding!!!" to 'setValue' request body
[debug] &amp#27;[38;5;32m[XCUITestDriver@c19b]&amp#27;[0m Proxying [POST /element/BB000000-0000-0000-C27E-000000000000/value] to [POST http://127.0.0.1:8100/session/0CB8DFF6-8046-4B09-B118-589ABD5DD86B/element/BB000000-0000-0000-C27E-000000000000/value] with body: {"value":["H","e","l","l","o"," ","G","u","y","s",","," ","H","a","p","p","y"," ","C","o","d","i","n","g","!","!","!"],"text":"Hello Guys, Happy Coding!!!"}
[debug] &amp#27;[38;5;32m[XCUITestDriver@c19b]&amp#27;[0m Got response with status 200: {"value":null,"sessionId":"0CB8DFF6-8046-4B09-B118-589ABD5DD86B"}
[debug] &amp#27;[38;5;32m[XCUITestDriver@c19b]&amp#27;[0m Responding to client with driver.setValue() result: null
&amp#27;[38;5;0m[HTTP]&amp#27;[0m <-- POST /session/cd4a3e3d-09ca-4d4a-a856-a78ca81d9676/element/BB000000-0000-0000-C27E-000000000000/value 200 1999 ms - 14 
&amp#27;[38;5;0m[HTTP]&amp#27;[0m &amp#27;[37m-->&amp#27;[39m &amp#27;[37mGET&amp#27;[39m &amp#27;[37m/session/cd4a3e3d-09ca-4d4a-a856-a78ca81d9676/context&amp#27;[39m {}
[debug] &amp#27;[38;5;32m[XCUITestDriver@c19b]&amp#27;[0m Calling AppiumDriver.getCurrentContext() with args: ["cd4a3e3d-09ca-4d4a-a856-a78ca81d9676"]
[debug] &amp#27;[38;5;32m[XCUITestDriver@c19b]&amp#27;[0m Executing command 'getCurrentContext'
[debug] &amp#27;[38;5;32m[XCUITestDriver@c19b]&amp#27;[0m Responding to client with driver.getCurrentContext() result: "NATIVE_APP"
&amp#27;[38;5;0m[HTTP]&amp#27;[0m <-- GET /session/cd4a3e3d-09ca-4d4a-a856-a78ca81d9676/context 200 1 ms - 22 
&amp#27;[38;5;0m[HTTP]&amp#27;[0m &amp#27;[37m-->&amp#27;[39m &amp#27;[37mPOST&amp#27;[39m &amp#27;[37m/session/cd4a3e3d-09ca-4d4a-a856-a78ca81d9676/element&amp#27;[39m {"using":"accessibility id","value":"OK"}
[debug] &amp#27;[38;5;32m[XCUITestDriver@c19b]&amp#27;[0m Calling AppiumDriver.findElement() with args: ["accessibility id","OK","cd4a3e3d-09ca-4d4a-a856-a78ca81d9676"]
[debug] &amp#27;[38;5;32m[XCUITestDriver@c19b]&amp#27;[0m Executing command 'findElement'
[debug] &amp#27;[38;5;32m[XCUITestDriver@c19b]&amp#27;[0m Valid locator strategies for this request: xpath, id, name, class name, -ios predicate string, -ios class chain, accessibility id, css selector
[debug] &amp#27;[38;5;32m[XCUITestDriver@c19b]&amp#27;[0m Waiting up to 10000 ms for condition
[debug] &amp#27;[38;5;32m[XCUITestDriver@c19b]&amp#27;[0m Matched '/element' to command name 'findElement'
[debug] &amp#27;[38;5;32m[XCUITestDriver@c19b]&amp#27;[0m Proxying [POST /element] to [POST http://127.0.0.1:8100/session/0CB8DFF6-8046-4B09-B118-589ABD5DD86B/element] with body: {"using":"accessibility id","value":"OK"}
[debug] &amp#27;[38;5;32m[XCUITestDriver@c19b]&amp#27;[0m Got response with status 200: {"value":{"ELEMENT":"2B010000-0000-0000-C27E-000000000000","element-6066-11e4-a52e-4f735466cecf":"2B010000-0000-0000-C27E-000000000000"},"sessionId":"0CB8DFF6-8046-4B09-B118-589ABD5DD86B"}
[debug] &amp#27;[38;5;32m[XCUITestDriver@c19b]&amp#27;[0m Responding to client with driver.findElement() result: {"element-6066-11e4-a52e-4f735466cecf":"2B010000-0000-0000-C27E-000000000000","ELEMENT":"2B010000-0000-0000-C27E-000000000000"}
&amp#27;[38;5;0m[HTTP]&amp#27;[0m <-- POST /session/cd4a3e3d-09ca-4d4a-a856-a78ca81d9676/element 200 429 ms - 137 
&amp#27;[38;5;0m[HTTP]&amp#27;[0m &amp#27;[37m-->&amp#27;[39m &amp#27;[37mPOST&amp#27;[39m &amp#27;[37m/session/cd4a3e3d-09ca-4d4a-a856-a78ca81d9676/element/2B010000-0000-0000-C27E-000000000000/click&amp#27;[39m {"id":"2B010000-0000-0000-C27E-000000000000"}
&amp#27;[38;5;32m[XCUITestDriver@c19b]&amp#27;[0m Driver proxy active, passing request on via HTTP proxy
[debug] &amp#27;[38;5;32m[XCUITestDriver@c19b]&amp#27;[0m Executing command 'proxyReqRes'
[debug] &amp#27;[38;5;32m[XCUITestDriver@c19b]&amp#27;[0m Matched '/session/cd4a3e3d-09ca-4d4a-a856-a78ca81d9676/element/2B010000-0000-0000-C27E-000000000000/click' to command name 'click'
[debug] &amp#27;[38;5;32m[XCUITestDriver@c19b]&amp#27;[0m Proxying [POST /session/cd4a3e3d-09ca-4d4a-a856-a78ca81d9676/element/2B010000-0000-0000-C27E-000000000000/click] to [POST http://127.0.0.1:8100/session/0CB8DFF6-8046-4B09-B118-589ABD5DD86B/element/2B010000-0000-0000-C27E-000000000000/click] with body: {"id":"2B010000-0000-0000-C27E-000000000000"}
[debug] &amp#27;[38;5;32m[XCUITestDriver@c19b]&amp#27;[0m Got response with status 200: {"value":null,"sessionId":"0CB8DFF6-8046-4B09-B118-589ABD5DD86B"}
&amp#27;[38;5;32m[XCUITestDriver@c19b]&amp#27;[0m Replacing sessionId 0CB8DFF6-8046-4B09-B118-589ABD5DD86B with cd4a3e3d-09ca-4d4a-a856-a78ca81d9676
&amp#27;[38;5;0m[HTTP]&amp#27;[0m <-- POST /session/cd4a3e3d-09ca-4d4a-a856-a78ca81d9676/element/2B010000-0000-0000-C27E-000000000000/click 200 1013 ms - 65 
&amp#27;[38;5;0m[HTTP]&amp#27;[0m &amp#27;[37m-->&amp#27;[39m &amp#27;[37mGET&amp#27;[39m &amp#27;[37m/session/cd4a3e3d-09ca-4d4a-a856-a78ca81d9676/context&amp#27;[39m {}
[debug] &amp#27;[38;5;32m[XCUITestDriver@c19b]&amp#27;[0m Calling AppiumDriver.getCurrentContext() with args: ["cd4a3e3d-09ca-4d4a-a856-a78ca81d9676"]
[debug] &amp#27;[38;5;32m[XCUITestDriver@c19b]&amp#27;[0m Executing command 'getCurrentContext'
[debug] &amp#27;[38;5;32m[XCUITestDriver@c19b]&amp#27;[0m Responding to client with driver.getCurrentContext() result: "NATIVE_APP"
&amp#27;[38;5;0m[HTTP]&amp#27;[0m <-- GET /session/cd4a3e3d-09ca-4d4a-a856-a78ca81d9676/context 200 1 ms - 22 
&amp#27;[38;5;0m[HTTP]&amp#27;[0m &amp#27;[37m-->&amp#27;[39m &amp#27;[37mPOST&amp#27;[39m &amp#27;[37m/session/cd4a3e3d-09ca-4d4a-a856-a78ca81d9676/element&amp#27;[39m {"using":"-ios predicate string","value":"type=='XCUIElementTypeStaticText' AND value=='Confirm / Cancel'"}
[debug] &amp#27;[38;5;32m[XCUITestDriver@c19b]&amp#27;[0m Calling AppiumDriver.findElement() with args: ["-ios predicate string","type=='XCUIElementTypeStaticText' AND value=='Confirm / Cancel'","cd4a3e3d-09ca-4d4a-a856-a78ca81d9676"]
[debug] &amp#27;[38;5;32m[XCUITestDriver@c19b]&amp#27;[0m Executing command 'findElement'
[debug] &amp#27;[38;5;32m[XCUITestDriver@c19b]&amp#27;[0m Valid locator strategies for this request: xpath, id, name, class name, -ios predicate string, -ios class chain, accessibility id, css selector
[debug] &amp#27;[38;5;32m[XCUITestDriver@c19b]&amp#27;[0m Waiting up to 10000 ms for condition
[debug] &amp#27;[38;5;32m[XCUITestDriver@c19b]&amp#27;[0m Matched '/element' to command name 'findElement'
[debug] &amp#27;[38;5;32m[XCUITestDriver@c19b]&amp#27;[0m Proxying [POST /element] to [POST http://127.0.0.1:8100/session/0CB8DFF6-8046-4B09-B118-589ABD5DD86B/element] with body: {"using":"predicate string","value":"type=='XCUIElementTypeStaticText' AND value=='Confirm / Cancel'"}
[debug] &amp#27;[38;5;32m[XCUITestDriver@c19b]&amp#27;[0m Got response with status 200: {"value":{"ELEMENT":"C5000000-0000-0000-C27E-000000000000","element-6066-11e4-a52e-4f735466cecf":"C5000000-0000-0000-C27E-000000000000"},"sessionId":"0CB8DFF6-8046-4B09-B118-589ABD5DD86B"}
[debug] &amp#27;[38;5;32m[XCUITestDriver@c19b]&amp#27;[0m Responding to client with driver.findElement() result: {"element-6066-11e4-a52e-4f735466cecf":"C5000000-0000-0000-C27E-000000000000","ELEMENT":"C5000000-0000-0000-C27E-000000000000"}
&amp#27;[38;5;0m[HTTP]&amp#27;[0m <-- POST /session/cd4a3e3d-09ca-4d4a-a856-a78ca81d9676/element 200 202 ms - 137 
&amp#27;[38;5;0m[HTTP]&amp#27;[0m &amp#27;[37m-->&amp#27;[39m &amp#27;[37mPOST&amp#27;[39m &amp#27;[37m/session/cd4a3e3d-09ca-4d4a-a856-a78ca81d9676/element/C5000000-0000-0000-C27E-000000000000/click&amp#27;[39m {"id":"C5000000-0000-0000-C27E-000000000000"}
&amp#27;[38;5;32m[XCUITestDriver@c19b]&amp#27;[0m Driver proxy active, passing request on via HTTP proxy
[debug] &amp#27;[38;5;32m[XCUITestDriver@c19b]&amp#27;[0m Executing command 'proxyReqRes'
[debug] &amp#27;[38;5;32m[XCUITestDriver@c19b]&amp#27;[0m Matched '/session/cd4a3e3d-09ca-4d4a-a856-a78ca81d9676/element/C5000000-0000-0000-C27E-000000000000/click' to command name 'click'
[debug] &amp#27;[38;5;32m[XCUITestDriver@c19b]&amp#27;[0m Proxying [POST /session/cd4a3e3d-09ca-4d4a-a856-a78ca81d9676/element/C5000000-0000-0000-C27E-000000000000/click] to [POST http://127.0.0.1:8100/session/0CB8DFF6-8046-4B09-B118-589ABD5DD86B/element/C5000000-0000-0000-C27E-000000000000/click] with body: {"id":"C5000000-0000-0000-C27E-000000000000"}
[debug] &amp#27;[38;5;32m[XCUITestDriver@c19b]&amp#27;[0m Got response with status 200: {"value":null,"sessionId":"0CB8DFF6-8046-4B09-B118-589ABD5DD86B"}
&amp#27;[38;5;32m[XCUITestDriver@c19b]&amp#27;[0m Replacing sessionId 0CB8DFF6-8046-4B09-B118-589ABD5DD86B with cd4a3e3d-09ca-4d4a-a856-a78ca81d9676
&amp#27;[38;5;0m[HTTP]&amp#27;[0m <-- POST /session/cd4a3e3d-09ca-4d4a-a856-a78ca81d9676/element/C5000000-0000-0000-C27E-000000000000/click 200 825 ms - 65 
&amp#27;[38;5;0m[HTTP]&amp#27;[0m &amp#27;[37m-->&amp#27;[39m &amp#27;[37mGET&amp#27;[39m &amp#27;[37m/session/cd4a3e3d-09ca-4d4a-a856-a78ca81d9676/context&amp#27;[39m {}
[debug] &amp#27;[38;5;32m[XCUITestDriver@c19b]&amp#27;[0m Calling AppiumDriver.getCurrentContext() with args: ["cd4a3e3d-09ca-4d4a-a856-a78ca81d9676"]
[debug] &amp#27;[38;5;32m[XCUITestDriver@c19b]&amp#27;[0m Executing command 'getCurrentContext'
[debug] &amp#27;[38;5;32m[XCUITestDriver@c19b]&amp#27;[0m Responding to client with driver.getCurrentContext() result: "NATIVE_APP"
&amp#27;[38;5;0m[HTTP]&amp#27;[0m <-- GET /session/cd4a3e3d-09ca-4d4a-a856-a78ca81d9676/context 200 2 ms - 22 
&amp#27;[38;5;0m[HTTP]&amp#27;[0m &amp#27;[37m-->&amp#27;[39m &amp#27;[37mPOST&amp#27;[39m &amp#27;[37m/session/cd4a3e3d-09ca-4d4a-a856-a78ca81d9676/element&amp#27;[39m {"using":"-ios predicate string","value":"value BEGINSWITH[c] 'A message' AND type=='XCUIElementTypeStaticText'"}
[debug] &amp#27;[38;5;32m[XCUITestDriver@c19b]&amp#27;[0m Calling AppiumDriver.findElement() with args: ["-ios predicate string","value BEGINSWITH[c] 'A message' AND type=='XCUIElementTypeStaticText'","cd4a3e3d-09ca-4d4a-a856-a78ca81d9676"]
[debug] &amp#27;[38;5;32m[XCUITestDriver@c19b]&amp#27;[0m Executing command 'findElement'
[debug] &amp#27;[38;5;32m[XCUITestDriver@c19b]&amp#27;[0m Valid locator strategies for this request: xpath, id, name, class name, -ios predicate string, -ios class chain, accessibility id, css selector
[debug] &amp#27;[38;5;32m[XCUITestDriver@c19b]&amp#27;[0m Waiting up to 10000 ms for condition
[debug] &amp#27;[38;5;32m[XCUITestDriver@c19b]&amp#27;[0m Matched '/element' to command name 'findElement'
[debug] &amp#27;[38;5;32m[XCUITestDriver@c19b]&amp#27;[0m Proxying [POST /element] to [POST http://127.0.0.1:8100/session/0CB8DFF6-8046-4B09-B118-589ABD5DD86B/element] with body: {"using":"predicate string","value":"value BEGINSWITH[c] 'A message' AND type=='XCUIElementTypeStaticText'"}
[debug] &amp#27;[38;5;32m[XCUITestDriver@c19b]&amp#27;[0m Got response with status 200: {"value":{"ELEMENT":"5F010000-0000-0000-C27E-000000000000","element-6066-11e4-a52e-4f735466cecf":"5F010000-0000-0000-C27E-000000000000"},"sessionId":"0CB8DFF6-8046-4B09-B118-589ABD5DD86B"}
[debug] &amp#27;[38;5;32m[XCUITestDriver@c19b]&amp#27;[0m Responding to client with driver.findElement() result: {"element-6066-11e4-a52e-4f735466cecf":"5F010000-0000-0000-C27E-000000000000","ELEMENT":"5F010000-0000-0000-C27E-000000000000"}
&amp#27;[38;5;0m[HTTP]&amp#27;[0m <-- POST /session/cd4a3e3d-09ca-4d4a-a856-a78ca81d9676/element 200 485 ms - 137 
&amp#27;[38;5;0m[HTTP]&amp#27;[0m &amp#27;[37m-->&amp#27;[39m &amp#27;[37mGET&amp#27;[39m &amp#27;[37m/session/cd4a3e3d-09ca-4d4a-a856-a78ca81d9676/element/5F010000-0000-0000-C27E-000000000000/text&amp#27;[39m {}
&amp#27;[38;5;32m[XCUITestDriver@c19b]&amp#27;[0m Driver proxy active, passing request on via HTTP proxy
[debug] &amp#27;[38;5;32m[XCUITestDriver@c19b]&amp#27;[0m Executing command 'proxyReqRes'
[debug] &amp#27;[38;5;32m[XCUITestDriver@c19b]&amp#27;[0m Matched '/session/cd4a3e3d-09ca-4d4a-a856-a78ca81d9676/element/5F010000-0000-0000-C27E-000000000000/text' to command name 'getText'
[debug] &amp#27;[38;5;32m[XCUITestDriver@c19b]&amp#27;[0m Proxying [GET /session/cd4a3e3d-09ca-4d4a-a856-a78ca81d9676/element/5F010000-0000-0000-C27E-000000000000/text] to [GET http://127.0.0.1:8100/session/0CB8DFF6-8046-4B09-B118-589ABD5DD86B/element/5F010000-0000-0000-C27E-000000000000/text] with no body
[debug] &amp#27;[38;5;32m[XCUITestDriver@c19b]&amp#27;[0m Got response with status 200: {"value":"A message should be a short, complete sentence.","sessionId":"0CB8DFF6-8046-4B09-B118-589ABD5DD86B"}
&amp#27;[38;5;32m[XCUITestDriver@c19b]&amp#27;[0m Replacing sessionId 0CB8DFF6-8046-4B09-B118-589ABD5DD86B with cd4a3e3d-09ca-4d4a-a856-a78ca81d9676
&amp#27;[38;5;0m[HTTP]&amp#27;[0m <-- GET /session/cd4a3e3d-09ca-4d4a-a856-a78ca81d9676/element/5F010000-0000-0000-C27E-000000000000/text 200 134 ms - 110 
&amp#27;[38;5;0m[HTTP]&amp#27;[0m &amp#27;[37m-->&amp#27;[39m &amp#27;[37mGET&amp#27;[39m &amp#27;[37m/session/cd4a3e3d-09ca-4d4a-a856-a78ca81d9676/context&amp#27;[39m {}
[debug] &amp#27;[38;5;32m[XCUITestDriver@c19b]&amp#27;[0m Calling AppiumDriver.getCurrentContext() with args: ["cd4a3e3d-09ca-4d4a-a856-a78ca81d9676"]
[debug] &amp#27;[38;5;32m[XCUITestDriver@c19b]&amp#27;[0m Executing command 'getCurrentContext'
[debug] &amp#27;[38;5;32m[XCUITestDriver@c19b]&amp#27;[0m Responding to client with driver.getCurrentContext() result: "NATIVE_APP"
&amp#27;[38;5;0m[HTTP]&amp#27;[0m <-- GET /session/cd4a3e3d-09ca-4d4a-a856-a78ca81d9676/context 200 1 ms - 22 
&amp#27;[38;5;0m[HTTP]&amp#27;[0m &amp#27;[37m-->&amp#27;[39m &amp#27;[37mPOST&amp#27;[39m &amp#27;[37m/session/cd4a3e3d-09ca-4d4a-a856-a78ca81d9676/element&amp#27;[39m {"using":"-ios predicate string","value":"label == 'Confirm'"}
[debug] &amp#27;[38;5;32m[XCUITestDriver@c19b]&amp#27;[0m Calling AppiumDriver.findElement() with args: ["-ios predicate string","label == 'Confirm'","cd4a3e3d-09ca-4d4a-a856-a78ca81d9676"]
[debug] &amp#27;[38;5;32m[XCUITestDriver@c19b]&amp#27;[0m Executing command 'findElement'
[debug] &amp#27;[38;5;32m[XCUITestDriver@c19b]&amp#27;[0m Valid locator strategies for this request: xpath, id, name, class name, -ios predicate string, -ios class chain, accessibility id, css selector
[debug] &amp#27;[38;5;32m[XCUITestDriver@c19b]&amp#27;[0m Waiting up to 10000 ms for condition
[debug] &amp#27;[38;5;32m[XCUITestDriver@c19b]&amp#27;[0m Matched '/element' to command name 'findElement'
[debug] &amp#27;[38;5;32m[XCUITestDriver@c19b]&amp#27;[0m Proxying [POST /element] to [POST http://127.0.0.1:8100/session/0CB8DFF6-8046-4B09-B118-589ABD5DD86B/element] with body: {"using":"predicate string","value":"label == 'Confirm'"}
[debug] &amp#27;[38;5;32m[XCUITestDriver@c19b]&amp#27;[0m Got response with status 200: {"value":{"ELEMENT":"60010000-0000-0000-C27E-000000000000","element-6066-11e4-a52e-4f735466cecf":"60010000-0000-0000-C27E-000000000000"},"sessionId":"0CB8DFF6-8046-4B09-B118-589ABD5DD86B"}
[debug] &amp#27;[38;5;32m[XCUITestDriver@c19b]&amp#27;[0m Responding to client with driver.findElement() result: {"element-6066-11e4-a52e-4f735466cecf":"60010000-0000-0000-C27E-000000000000","ELEMENT":"60010000-0000-0000-C27E-000000000000"}
&amp#27;[38;5;0m[HTTP]&amp#27;[0m <-- POST /session/cd4a3e3d-09ca-4d4a-a856-a78ca81d9676/element 200 263 ms - 137 
&amp#27;[38;5;0m[HTTP]&amp#27;[0m &amp#27;[37m-->&amp#27;[39m &amp#27;[37mPOST&amp#27;[39m &amp#27;[37m/session/cd4a3e3d-09ca-4d4a-a856-a78ca81d9676/element/60010000-0000-0000-C27E-000000000000/click&amp#27;[39m {"id":"60010000-0000-0000-C27E-000000000000"}
&amp#27;[38;5;32m[XCUITestDriver@c19b]&amp#27;[0m Driver proxy active, passing request on via HTTP proxy
[debug] &amp#27;[38;5;32m[XCUITestDriver@c19b]&amp#27;[0m Executing command 'proxyReqRes'
[debug] &amp#27;[38;5;32m[XCUITestDriver@c19b]&amp#27;[0m Matched '/session/cd4a3e3d-09ca-4d4a-a856-a78ca81d9676/element/60010000-0000-0000-C27E-000000000000/click' to command name 'click'
[debug] &amp#27;[38;5;32m[XCUITestDriver@c19b]&amp#27;[0m Proxying [POST /session/cd4a3e3d-09ca-4d4a-a856-a78ca81d9676/element/60010000-0000-0000-C27E-000000000000/click] to [POST http://127.0.0.1:8100/session/0CB8DFF6-8046-4B09-B118-589ABD5DD86B/element/60010000-0000-0000-C27E-000000000000/click] with body: {"id":"60010000-0000-0000-C27E-000000000000"}
[debug] &amp#27;[38;5;32m[XCUITestDriver@c19b]&amp#27;[0m Got response with status 200: {"value":null,"sessionId":"0CB8DFF6-8046-4B09-B118-589ABD5DD86B"}
&amp#27;[38;5;32m[XCUITestDriver@c19b]&amp#27;[0m Replacing sessionId 0CB8DFF6-8046-4B09-B118-589ABD5DD86B with cd4a3e3d-09ca-4d4a-a856-a78ca81d9676
&amp#27;[38;5;0m[HTTP]&amp#27;[0m <-- POST /session/cd4a3e3d-09ca-4d4a-a856-a78ca81d9676/element/60010000-0000-0000-C27E-000000000000/click 200 805 ms - 65 
]]></system-out>
  </testcase>
</testsuite>