<?xml version="1.0" encoding="UTF-8"?>
<testng-results ignored="0" total="4" passed="3" failed="1" skipped="0">
  <reporter-output>
  </reporter-output>
  <suite started-at="2024-07-22T09:34:46 WAT" name="Suite" finished-at="2024-07-22T09:37:32 WAT" duration-ms="166027">
    <groups>
      <group name="Smoke">
        <method signature="E_Commerce_tc_4_Hybrid.FillForm(java.util.HashMap)[pri:0, instance:org.dandytech.E_Commerce_tc_4_Hybrid@2a265ea9]" name="FillForm" class="org.dandytech.E_Commerce_tc_4_Hybrid"/>
      </group> <!-- Smoke -->
    </groups>
    <test started-at="2024-07-22T09:34:46 WAT" name="End to end Framework Test" finished-at="2024-07-22T09:35:42 WAT" duration-ms="56742">
      <class name="org.dandytech.E_Commerce_tc_4_Hybrid">
        <test-method is-config="true" signature="ConfigureAppium()[pri:0, instance:org.dandytech.E_Commerce_tc_4_Hybrid@2a265ea9]" started-at="2024-07-22T09:34:46 WAT" name="ConfigureAppium" finished-at="2024-07-22T09:35:03 WAT" duration-ms="17360" status="PASS">
          <reporter-output>
          </reporter-output>
        </test-method> <!-- ConfigureAppium -->
        <test-method signature="FillForm(java.util.HashMap)[pri:0, instance:org.dandytech.E_Commerce_tc_4_Hybrid@2a265ea9]" started-at="2024-07-22T09:35:03 WAT" name="FillForm" data-provider="getData" finished-at="2024-07-22T09:35:38 WAT" duration-ms="34277" status="FAIL">
          <params>
            <param index="0">
              <value>
                <![CDATA[{gender=male, name=Daniel Amaechi, country=Aruba}]]>
              </value>
            </param>
          </params>
          <exception class="org.openqa.selenium.NoSuchElementException">
            <message>
              <![CDATA[no such element: Unable to locate element: {"method":"css selector","selector":"*[name='q']"}
  (Session info: chrome=101.0.4951.74)
For documentation on this error, please visit: https://www.selenium.dev/documentation/webdriver/troubleshooting/errors#no-such-element-exception
Build info: version: '4.23.0', revision: '4df0a231af'
System info: os.name: 'Mac OS X', os.arch: 'x86_64', os.version: '12.7.5', java.version: '19.0.1'
Driver info: io.appium.java_client.android.AndroidDriver
Command: [dfe5339f-c9cb-463f-846e-bada59d9e7b7, findElement {using=css selector, value=*[name='q']}]
Capabilities {appium:app: /Users/user/eclipse-workspa..., appium:appPackage: com.androidsample.generalstore, appium:automationName: UIAutomator2, appium:chromedriverExecutable: /Users/user/eclipse-workspa..., appium:databaseEnabled: false, appium:desired: {app: /Users/user/eclipse-workspa..., automationName: UIAutomator2, chromedriverExecutable: /Users/user/eclipse-workspa..., deviceName: Nexus 6P API 33, platformName: ANDROID}, appium:deviceApiLevel: 33, appium:deviceManufacturer: Google, appium:deviceModel: sdk_gphone64_x86_64, appium:deviceName: emulator-5554, appium:deviceScreenDensity: 560, appium:deviceScreenSize: 1440x2560, appium:deviceUDID: emulator-5554, appium:javascriptEnabled: true, appium:locationContextEnabled: false, appium:networkConnectionEnabled: true, appium:pixelRatio: 3.5, appium:platformVersion: 13, appium:statBarHeight: 84, appium:takesScreenshot: true, appium:viewportRect: {height: 2476, left: 0, top: 84, width: 1440}, appium:warnings: {}, appium:webStorageEnabled: false, platformName: ANDROID}
Session ID: dfe5339f-c9cb-463f-846e-bada59d9e7b7]]>
            </message>
            <full-stacktrace>
              <![CDATA[org.openqa.selenium.NoSuchElementException: no such element: Unable to locate element: {"method":"css selector","selector":"*[name='q']"}
  (Session info: chrome=101.0.4951.74)
For documentation on this error, please visit: https://www.selenium.dev/documentation/webdriver/troubleshooting/errors#no-such-element-exception
Build info: version: '4.23.0', revision: '4df0a231af'
System info: os.name: 'Mac OS X', os.arch: 'x86_64', os.version: '12.7.5', java.version: '19.0.1'
Driver info: io.appium.java_client.android.AndroidDriver
Command: [dfe5339f-c9cb-463f-846e-bada59d9e7b7, findElement {using=css selector, value=*[name='q']}]
Capabilities {appium:app: /Users/user/eclipse-workspa..., appium:appPackage: com.androidsample.generalstore, appium:automationName: UIAutomator2, appium:chromedriverExecutable: /Users/user/eclipse-workspa..., appium:databaseEnabled: false, appium:desired: {app: /Users/user/eclipse-workspa..., automationName: UIAutomator2, chromedriverExecutable: /Users/user/eclipse-workspa..., deviceName: Nexus 6P API 33, platformName: ANDROID}, appium:deviceApiLevel: 33, appium:deviceManufacturer: Google, appium:deviceModel: sdk_gphone64_x86_64, appium:deviceName: emulator-5554, appium:deviceScreenDensity: 560, appium:deviceScreenSize: 1440x2560, appium:deviceUDID: emulator-5554, appium:javascriptEnabled: true, appium:locationContextEnabled: false, appium:networkConnectionEnabled: true, appium:pixelRatio: 3.5, appium:platformVersion: 13, appium:statBarHeight: 84, appium:takesScreenshot: true, appium:viewportRect: {height: 2476, left: 0, top: 84, width: 1440}, appium:warnings: {}, appium:webStorageEnabled: false, platformName: ANDROID}
Session ID: dfe5339f-c9cb-463f-846e-bada59d9e7b7
at java.base/jdk.internal.reflect.DirectConstructorHandleAccessor.newInstance(DirectConstructorHandleAccessor.java:67)
at java.base/java.lang.reflect.Constructor.newInstanceWithCaller(Constructor.java:500)
at java.base/java.lang.reflect.Constructor.newInstance(Constructor.java:484)
at org.openqa.selenium.remote.ErrorCodec.decode(ErrorCodec.java:167)
at org.openqa.selenium.remote.codec.w3c.W3CHttpResponseCodec.decode(W3CHttpResponseCodec.java:138)
at org.openqa.selenium.remote.codec.w3c.W3CHttpResponseCodec.decode(W3CHttpResponseCodec.java:50)
at org.openqa.selenium.remote.HttpCommandExecutor.execute(HttpCommandExecutor.java:190)
at io.appium.java_client.remote.AppiumCommandExecutor.execute(AppiumCommandExecutor.java:237)
at org.openqa.selenium.remote.RemoteWebDriver.execute(RemoteWebDriver.java:527)
at org.openqa.selenium.remote.ElementLocation$ElementFinder$2.findElement(ElementLocation.java:165)
at org.openqa.selenium.remote.ElementLocation.findElement(ElementLocation.java:59)
at org.openqa.selenium.remote.RemoteWebDriver.findElement(RemoteWebDriver.java:357)
at org.openqa.selenium.remote.RemoteWebDriver.findElement(RemoteWebDriver.java:351)
at org.openqa.selenium.By$PreW3CLocator.findElement(By.java:430)
at org.openqa.selenium.By$ByName.findElement(By.java:237)
at org.openqa.selenium.remote.ElementLocation$ElementFinder$1.findElement(ElementLocation.java:139)
at org.openqa.selenium.remote.ElementLocation.findElement(ElementLocation.java:81)
at org.openqa.selenium.remote.RemoteWebDriver.findElement(RemoteWebDriver.java:357)
at org.openqa.selenium.remote.RemoteWebDriver.findElement(RemoteWebDriver.java:351)
at org.dandytech.E_Commerce_tc_4_Hybrid.FillForm(E_Commerce_tc_4_Hybrid.java:52)
at java.base/jdk.internal.reflect.DirectMethodHandleAccessor.invoke(DirectMethodHandleAccessor.java:104)
at java.base/java.lang.reflect.Method.invoke(Method.java:578)
at org.testng.internal.invokers.MethodInvocationHelper.invokeMethod(MethodInvocationHelper.java:141)
at org.testng.internal.invokers.TestInvoker.invokeMethod(TestInvoker.java:686)
at org.testng.internal.invokers.TestInvoker.invokeTestMethod(TestInvoker.java:230)
at org.testng.internal.invokers.MethodRunner.runInSequence(MethodRunner.java:63)
at org.testng.internal.invokers.TestInvoker$MethodInvocationAgent.invoke(TestInvoker.java:992)
at org.testng.internal.invokers.TestInvoker.invokeTestMethods(TestInvoker.java:203)
at org.testng.internal.invokers.TestMethodWorker.invokeTestMethods(TestMethodWorker.java:154)
at org.testng.internal.invokers.TestMethodWorker.run(TestMethodWorker.java:134)
at java.base/java.util.ArrayList.forEach(ArrayList.java:1511)
at org.testng.TestRunner.privateRun(TestRunner.java:739)
at org.testng.TestRunner.run(TestRunner.java:614)
at org.testng.SuiteRunner.runTest(SuiteRunner.java:421)
at org.testng.SuiteRunner.runSequentially(SuiteRunner.java:413)
at org.testng.SuiteRunner.privateRun(SuiteRunner.java:373)
at org.testng.SuiteRunner.run(SuiteRunner.java:312)
at org.testng.SuiteRunnerWorker.runSuite(SuiteRunnerWorker.java:52)
at org.testng.SuiteRunnerWorker.run(SuiteRunnerWorker.java:95)
at org.testng.TestNG.runSuitesSequentially(TestNG.java:1274)
at org.testng.TestNG.runSuitesLocally(TestNG.java:1208)
at org.testng.TestNG.runSuites(TestNG.java:1112)
at org.testng.TestNG.run(TestNG.java:1079)
at org.apache.maven.surefire.testng.TestNGExecutor.run(TestNGExecutor.java:308)
at org.apache.maven.surefire.testng.TestNGXmlTestSuite.execute(TestNGXmlTestSuite.java:71)
at org.apache.maven.surefire.testng.TestNGProvider.invoke(TestNGProvider.java:113)
at org.apache.maven.surefire.booter.ForkedBooter.runSuitesInProcess(ForkedBooter.java:385)
at org.apache.maven.surefire.booter.ForkedBooter.execute(ForkedBooter.java:162)
at org.apache.maven.surefire.booter.ForkedBooter.run(ForkedBooter.java:507)
at org.apache.maven.surefire.booter.ForkedBooter.main(ForkedBooter.java:495)
]]>
            </full-stacktrace>
          </exception> <!-- org.openqa.selenium.NoSuchElementException -->
          <reporter-output>
          </reporter-output>
        </test-method> <!-- FillForm -->
        <test-method is-config="true" signature="tearDown()[pri:0, instance:org.dandytech.E_Commerce_tc_4_Hybrid@2a265ea9]" started-at="2024-07-22T09:35:38 WAT" name="tearDown" finished-at="2024-07-22T09:35:42 WAT" duration-ms="4286" status="PASS">
          <reporter-output>
          </reporter-output>
        </test-method> <!-- tearDown -->
      </class> <!-- org.dandytech.E_Commerce_tc_4_Hybrid -->
    </test> <!-- End to end Framework Test -->
    <test started-at="2024-07-22T09:35:43 WAT" name="Error Validation Test" finished-at="2024-07-22T09:36:34 WAT" duration-ms="50917">
      <class name="org.dandytech.E_Commerce_tc_1">
        <test-method is-config="true" signature="ConfigureAppium()[pri:0, instance:org.dandytech.E_Commerce_tc_1@28261e8e]" started-at="2024-07-22T09:35:43 WAT" name="ConfigureAppium" finished-at="2024-07-22T09:35:58 WAT" duration-ms="15559" status="PASS">
          <reporter-output>
          </reporter-output>
        </test-method> <!-- ConfigureAppium -->
        <test-method signature="FillForm_ErrorValidation()[pri:0, instance:org.dandytech.E_Commerce_tc_1@28261e8e]" started-at="2024-07-22T09:35:58 WAT" name="FillForm_ErrorValidation" finished-at="2024-07-22T09:36:14 WAT" duration-ms="15472" status="PASS">
          <reporter-output>
          </reporter-output>
        </test-method> <!-- FillForm_ErrorValidation -->
        <test-method signature="FillForm_PositiveFlow()[pri:0, instance:org.dandytech.E_Commerce_tc_1@28261e8e]" started-at="2024-07-22T09:36:14 WAT" name="FillForm_PositiveFlow" finished-at="2024-07-22T09:36:29 WAT" duration-ms="15392" status="PASS">
          <reporter-output>
          </reporter-output>
        </test-method> <!-- FillForm_PositiveFlow -->
        <test-method is-config="true" signature="tearDown()[pri:0, instance:org.dandytech.E_Commerce_tc_1@28261e8e]" started-at="2024-07-22T09:36:29 WAT" name="tearDown" finished-at="2024-07-22T09:36:34 WAT" duration-ms="4490" status="PASS">
          <reporter-output>
          </reporter-output>
        </test-method> <!-- tearDown -->
      </class> <!-- org.dandytech.E_Commerce_tc_1 -->
    </test> <!-- Error Validation Test -->
    <test started-at="2024-07-22T09:36:34 WAT" name="IOS Test" finished-at="2024-07-22T09:37:32 WAT" duration-ms="58032">
      <class name="org.dandytech.IOSBasics">
        <test-method is-config="true" signature="ConfigureAppium()[pri:0, instance:org.dandytech.IOSBasics@5e2c3d18]" started-at="2024-07-22T09:36:34 WAT" name="ConfigureAppium" finished-at="2024-07-22T09:37:17 WAT" duration-ms="43210" status="PASS">
          <reporter-output>
          </reporter-output>
        </test-method> <!-- ConfigureAppium -->
        <test-method signature="IOSBasicsTest()[pri:0, instance:org.dandytech.IOSBasics@5e2c3d18]" started-at="2024-07-22T09:37:17 WAT" name="IOSBasicsTest" finished-at="2024-07-22T09:37:27 WAT" duration-ms="10176" status="PASS">
          <reporter-output>
          </reporter-output>
        </test-method> <!-- IOSBasicsTest -->
        <test-method is-config="true" signature="tearDown()[pri:0, instance:org.dandytech.IOSBasics@5e2c3d18]" started-at="2024-07-22T09:37:27 WAT" name="tearDown" finished-at="2024-07-22T09:37:32 WAT" duration-ms="4643" status="PASS">
          <reporter-output>
          </reporter-output>
        </test-method> <!-- tearDown -->
      </class> <!-- org.dandytech.IOSBasics -->
    </test> <!-- IOS Test -->
  </suite> <!-- Suite -->
</testng-results>
