<?xml version="1.0" encoding="UTF-8"?>
<testng-results ignored="0" total="1" passed="1" failed="0" skipped="0">
  <reporter-output>
  </reporter-output>
  <suite started-at="2024-07-21T18:07:07 WAT" name="Suite" finished-at="2024-07-21T18:07:51 WAT" duration-ms="43823">
    <groups>
      <group name="Smoke">
        <method signature="E_Commerce_tc_4_Hybrid.FillForm(java.util.HashMap)[pri:0, instance:org.dandytech.E_Commerce_tc_4_Hybrid@5b1669c0]" name="FillForm" class="org.dandytech.E_Commerce_tc_4_Hybrid"/>
      </group> <!-- Smoke -->
    </groups>
    <test started-at="2024-07-21T18:07:07 WAT" name="End to end Framework Test" finished-at="2024-07-21T18:07:50 WAT" duration-ms="43376">
      <class name="org.dandytech.E_Commerce_tc_4_Hybrid">
        <test-method is-config="true" signature="ConfigureAppium()[pri:0, instance:org.dandytech.E_Commerce_tc_4_Hybrid@5b1669c0]" started-at="2024-07-21T18:07:07 WAT" name="ConfigureAppium" finished-at="2024-07-21T18:07:14 WAT" duration-ms="6906" status="PASS">
          <reporter-output>
          </reporter-output>
        </test-method> <!-- ConfigureAppium -->
        <test-method signature="FillForm(java.util.HashMap)[pri:0, instance:org.dandytech.E_Commerce_tc_4_Hybrid@5b1669c0]" started-at="2024-07-21T18:07:14 WAT" name="FillForm" data-provider="getData" finished-at="2024-07-21T18:07:46 WAT" duration-ms="31924" status="PASS">
          <params>
            <param index="0">
              <value>
                <![CDATA[{gender=male, name=Daniel Amaechi, country=Aruba}]]>
              </value>
            </param>
          </params>
          <reporter-output>
          </reporter-output>
        </test-method> <!-- FillForm -->
        <test-method is-config="true" signature="tearDown()[pri:0, instance:org.dandytech.E_Commerce_tc_4_Hybrid@5b1669c0]" started-at="2024-07-21T18:07:46 WAT" name="tearDown" finished-at="2024-07-21T18:07:50 WAT" duration-ms="4251" status="PASS">
          <reporter-output>
          </reporter-output>
        </test-method> <!-- tearDown -->
      </class> <!-- org.dandytech.E_Commerce_tc_4_Hybrid -->
    </test> <!-- End to end Framework Test -->
    <test started-at="2024-07-21T18:07:50 WAT" name="Error Validation Test" finished-at="2024-07-21T18:07:50 WAT" duration-ms="1">
    </test> <!-- Error Validation Test -->
    <test started-at="2024-07-21T18:07:51 WAT" name="IOS Test" finished-at="2024-07-21T18:07:51 WAT" duration-ms="0">
    </test> <!-- IOS Test -->
  </suite> <!-- Suite -->
</testng-results>
