<?xml version="1.0" encoding="UTF-8"?>
<testng-results ignored="0" total="1" passed="1" failed="0" skipped="0">
  <reporter-output>
  </reporter-output>
  <suite started-at="2024-07-21T18:13:02 WAT" name="Default suite" finished-at="2024-07-21T18:13:43 WAT" duration-ms="41525">
    <groups>
      <group name="Smoke">
        <method signature="E_Commerce_tc_4_Hybrid.FillForm(java.util.HashMap)[pri:0, instance:org.dandytech.E_Commerce_tc_4_Hybrid@478190fc]" name="FillForm" class="org.dandytech.E_Commerce_tc_4_Hybrid"/>
      </group> <!-- Smoke -->
    </groups>
    <test started-at="2024-07-21T18:13:02 WAT" name="Default test" finished-at="2024-07-21T18:13:43 WAT" duration-ms="41525">
      <class name="org.dandytech.E_Commerce_tc_4_Hybrid">
        <test-method is-config="true" signature="ConfigureAppium()[pri:0, instance:org.dandytech.E_Commerce_tc_4_Hybrid@478190fc]" started-at="2024-07-21T18:13:02 WAT" name="ConfigureAppium" finished-at="2024-07-21T18:13:09 WAT" duration-ms="6953" status="PASS">
          <reporter-output>
          </reporter-output>
        </test-method> <!-- ConfigureAppium -->
        <test-method signature="FillForm(java.util.HashMap)[pri:0, instance:org.dandytech.E_Commerce_tc_4_Hybrid@478190fc]" started-at="2024-07-21T18:13:09 WAT" name="FillForm" data-provider="getData" finished-at="2024-07-21T18:13:43 WAT" duration-ms="33374" status="PASS">
          <params>
            <param index="0">
              <value>
                <![CDATA[{gender=male, name=Daniel Amaechi, country=Aruba}]]>
              </value>
            </param>
          </params>
          <reporter-output>
          </reporter-output>
        </test-method> <!-- FillForm -->
        <test-method is-config="true" signature="tearDown()[pri:0, instance:org.dandytech.E_Commerce_tc_4_Hybrid@478190fc]" started-at="2024-07-21T18:13:43 WAT" name="tearDown" finished-at="2024-07-21T18:13:43 WAT" duration-ms="843" status="PASS">
          <reporter-output>
          </reporter-output>
        </test-method> <!-- tearDown -->
      </class> <!-- org.dandytech.E_Commerce_tc_4_Hybrid -->
    </test> <!-- Default test -->
  </suite> <!-- Default suite -->
</testng-results>
