<?xml version="1.0" encoding="UTF-8"?>
<testng-results ignored="0" total="2" passed="2" failed="0" skipped="0">
  <reporter-output>
  </reporter-output>
  <suite started-at="2024-07-22T11:11:11 WAT" name="Default suite" finished-at="2024-07-22T11:11:59 WAT" duration-ms="48132">
    <groups>
    </groups>
    <test started-at="2024-07-22T11:11:11 WAT" name="Default test" finished-at="2024-07-22T11:11:59 WAT" duration-ms="48132">
      <class name="org.dandytech.E_Commerce_tc_1">
        <test-method is-config="true" signature="ConfigureAppium()[pri:0, instance:org.dandytech.E_Commerce_tc_1@5b239d7d]" started-at="2024-07-22T11:11:11 WAT" name="ConfigureAppium" finished-at="2024-07-22T11:11:27 WAT" duration-ms="16648" status="PASS">
          <reporter-output>
          </reporter-output>
        </test-method> <!-- ConfigureAppium -->
        <test-method signature="FillForm_ErrorValidation()[pri:0, instance:org.dandytech.E_Commerce_tc_1@5b239d7d]" started-at="2024-07-22T11:11:27 WAT" name="FillForm_ErrorValidation" finished-at="2024-07-22T11:11:43 WAT" duration-ms="15886" status="PASS">
          <reporter-output>
          </reporter-output>
        </test-method> <!-- FillForm_ErrorValidation -->
        <test-method signature="FillForm_PositiveFlow()[pri:0, instance:org.dandytech.E_Commerce_tc_1@5b239d7d]" started-at="2024-07-22T11:11:43 WAT" name="FillForm_PositiveFlow" finished-at="2024-07-22T11:11:58 WAT" duration-ms="14882" status="PASS">
          <reporter-output>
          </reporter-output>
        </test-method> <!-- FillForm_PositiveFlow -->
        <test-method is-config="true" signature="tearDown()[pri:0, instance:org.dandytech.E_Commerce_tc_1@5b239d7d]" started-at="2024-07-22T11:11:58 WAT" name="tearDown" finished-at="2024-07-22T11:11:59 WAT" duration-ms="667" status="PASS">
          <reporter-output>
          </reporter-output>
        </test-method> <!-- tearDown -->
      </class> <!-- org.dandytech.E_Commerce_tc_1 -->
    </test> <!-- Default test -->
  </suite> <!-- Default suite -->
</testng-results>
